mode: set
github.com/quay/quay-operator/pkg/middleware/middleware.go:21.117,23.16 2 1
github.com/quay/quay-operator/pkg/middleware/middleware.go:27.2,30.68 2 1
github.com/quay/quay-operator/pkg/middleware/middleware.go:44.2,46.90 1 1
github.com/quay/quay-operator/pkg/middleware/middleware.go:55.2,55.17 1 1
github.com/quay/quay-operator/pkg/middleware/middleware.go:23.16,25.3 1 0
github.com/quay/quay-operator/pkg/middleware/middleware.go:30.68,32.17 2 0
github.com/quay/quay-operator/pkg/middleware/middleware.go:37.3,40.33 3 0
github.com/quay/quay-operator/pkg/middleware/middleware.go:32.17,34.4 1 0
github.com/quay/quay-operator/pkg/middleware/middleware.go:46.90,53.3 2 1
github.com/quay/quay-operator/pkg/middleware/middleware.go:59.73,63.91 3 0
github.com/quay/quay-operator/pkg/middleware/middleware.go:67.2,67.43 1 0
github.com/quay/quay-operator/pkg/middleware/middleware.go:71.2,71.43 1 0
github.com/quay/quay-operator/pkg/middleware/middleware.go:85.2,86.16 2 0
github.com/quay/quay-operator/pkg/middleware/middleware.go:90.2,92.29 2 0
github.com/quay/quay-operator/pkg/middleware/middleware.go:63.91,65.3 1 0
github.com/quay/quay-operator/pkg/middleware/middleware.go:67.43,69.3 1 0
github.com/quay/quay-operator/pkg/middleware/middleware.go:71.43,72.25 1 0
github.com/quay/quay-operator/pkg/middleware/middleware.go:72.25,74.59 2 0
github.com/quay/quay-operator/pkg/middleware/middleware.go:78.4,78.50 1 0
github.com/quay/quay-operator/pkg/middleware/middleware.go:81.4,81.37 1 0
github.com/quay/quay-operator/pkg/middleware/middleware.go:74.59,76.5 1 0
github.com/quay/quay-operator/pkg/middleware/middleware.go:78.50,80.5 1 0
github.com/quay/quay-operator/pkg/middleware/middleware.go:86.16,88.3 1 0
github.com/quay/quay-operator/apis/quay/v1/quayregistry_types.go:146.83,147.31 1 0
github.com/quay/quay-operator/apis/quay/v1/quayregistry_types.go:153.2,153.12 1 0
github.com/quay/quay-operator/apis/quay/v1/quayregistry_types.go:147.31,148.30 1 0
github.com/quay/quay-operator/apis/quay/v1/quayregistry_types.go:148.30,150.4 1 0
github.com/quay/quay-operator/apis/quay/v1/quayregistry_types.go:158.77,159.21 1 0
github.com/quay/quay-operator/apis/quay/v1/quayregistry_types.go:163.2,163.45 1 0
github.com/quay/quay-operator/apis/quay/v1/quayregistry_types.go:170.2,170.39 1 0
github.com/quay/quay-operator/apis/quay/v1/quayregistry_types.go:159.21,161.3 1 0
github.com/quay/quay-operator/apis/quay/v1/quayregistry_types.go:163.45,164.50 1 0
github.com/quay/quay-operator/apis/quay/v1/quayregistry_types.go:164.50,167.4 2 0
github.com/quay/quay-operator/apis/quay/v1/quayregistry_types.go:174.87,175.23 1 0
github.com/quay/quay-operator/apis/quay/v1/quayregistry_types.go:179.2,180.47 2 0
github.com/quay/quay-operator/apis/quay/v1/quayregistry_types.go:186.2,186.17 1 0
github.com/quay/quay-operator/apis/quay/v1/quayregistry_types.go:175.23,177.3 1 0
github.com/quay/quay-operator/apis/quay/v1/quayregistry_types.go:180.47,181.46 1 0
github.com/quay/quay-operator/apis/quay/v1/quayregistry_types.go:181.46,183.4 1 0
github.com/quay/quay-operator/apis/quay/v1/quayregistry_types.go:210.59,212.2 1 0
github.com/quay/quay-operator/apis/quay/v1/quayregistry_types.go:215.74,216.51 1 1
github.com/quay/quay-operator/apis/quay/v1/quayregistry_types.go:220.2,220.40 1 1
github.com/quay/quay-operator/apis/quay/v1/quayregistry_types.go:232.2,232.13 1 1
github.com/quay/quay-operator/apis/quay/v1/quayregistry_types.go:216.51,218.3 1 1
github.com/quay/quay-operator/apis/quay/v1/quayregistry_types.go:220.40,222.42 2 1
github.com/quay/quay-operator/apis/quay/v1/quayregistry_types.go:228.3,228.13 1 1
github.com/quay/quay-operator/apis/quay/v1/quayregistry_types.go:222.42,223.66 1 1
github.com/quay/quay-operator/apis/quay/v1/quayregistry_types.go:223.66,225.10 2 1
github.com/quay/quay-operator/apis/quay/v1/quayregistry_types.go:228.13,230.4 1 1
github.com/quay/quay-operator/apis/quay/v1/quayregistry_types.go:236.74,237.31 1 1
github.com/quay/quay-operator/apis/quay/v1/quayregistry_types.go:242.2,242.14 1 1
github.com/quay/quay-operator/apis/quay/v1/quayregistry_types.go:237.31,238.21 1 1
github.com/quay/quay-operator/apis/quay/v1/quayregistry_types.go:238.21,240.4 1 1
github.com/quay/quay-operator/apis/quay/v1/quayregistry_types.go:246.54,247.39 1 0
github.com/quay/quay-operator/apis/quay/v1/quayregistry_types.go:252.2,252.14 1 0
github.com/quay/quay-operator/apis/quay/v1/quayregistry_types.go:247.39,248.21 1 0
github.com/quay/quay-operator/apis/quay/v1/quayregistry_types.go:248.21,250.4 1 0
github.com/quay/quay-operator/apis/quay/v1/quayregistry_types.go:257.111,259.40 2 1
github.com/quay/quay-operator/apis/quay/v1/quayregistry_types.go:263.2,268.40 2 1
github.com/quay/quay-operator/apis/quay/v1/quayregistry_types.go:274.2,274.42 1 1
github.com/quay/quay-operator/apis/quay/v1/quayregistry_types.go:296.2,296.25 1 1
github.com/quay/quay-operator/apis/quay/v1/quayregistry_types.go:259.40,261.3 1 1
github.com/quay/quay-operator/apis/quay/v1/quayregistry_types.go:268.40,268.69 1 1
github.com/quay/quay-operator/apis/quay/v1/quayregistry_types.go:269.40,269.112 1 1
github.com/quay/quay-operator/apis/quay/v1/quayregistry_types.go:270.40,270.76 1 1
github.com/quay/quay-operator/apis/quay/v1/quayregistry_types.go:271.40,271.73 1 1
github.com/quay/quay-operator/apis/quay/v1/quayregistry_types.go:274.42,276.102 2 1
github.com/quay/quay-operator/apis/quay/v1/quayregistry_types.go:280.3,281.58 2 1
github.com/quay/quay-operator/apis/quay/v1/quayregistry_types.go:288.3,288.13 1 1
github.com/quay/quay-operator/apis/quay/v1/quayregistry_types.go:276.102,278.4 1 1
github.com/quay/quay-operator/apis/quay/v1/quayregistry_types.go:281.58,282.43 1 1
github.com/quay/quay-operator/apis/quay/v1/quayregistry_types.go:282.43,284.10 2 1
github.com/quay/quay-operator/apis/quay/v1/quayregistry_types.go:288.13,293.4 1 1
github.com/quay/quay-operator/apis/quay/v1/quayregistry_types.go:300.140,303.19 2 1
github.com/quay/quay-operator/apis/quay/v1/quayregistry_types.go:307.2,307.57 1 1
github.com/quay/quay-operator/apis/quay/v1/quayregistry_types.go:316.2,316.89 1 1
github.com/quay/quay-operator/apis/quay/v1/quayregistry_types.go:303.19,305.3 1 1
github.com/quay/quay-operator/apis/quay/v1/quayregistry_types.go:307.57,309.3 1 1
github.com/quay/quay-operator/apis/quay/v1/quayregistry_types.go:309.8,309.31 1 1
github.com/quay/quay-operator/apis/quay/v1/quayregistry_types.go:309.31,314.3 1 1
github.com/quay/quay-operator/apis/quay/v1/quayregistry_types.go:320.113,323.24 2 0
github.com/quay/quay-operator/apis/quay/v1/quayregistry_types.go:330.2,330.97 1 0
github.com/quay/quay-operator/apis/quay/v1/quayregistry_types.go:323.24,328.3 1 0
github.com/quay/quay-operator/apis/quay/v1/quayregistry_types.go:334.89,336.16 2 0
github.com/quay/quay-operator/apis/quay/v1/quayregistry_types.go:340.2,341.59 2 0
github.com/quay/quay-operator/apis/quay/v1/quayregistry_types.go:350.2,350.18 1 0
github.com/quay/quay-operator/apis/quay/v1/quayregistry_types.go:359.2,359.17 1 0
github.com/quay/quay-operator/apis/quay/v1/quayregistry_types.go:336.16,338.3 1 0
github.com/quay/quay-operator/apis/quay/v1/quayregistry_types.go:341.59,345.29 1 0
github.com/quay/quay-operator/apis/quay/v1/quayregistry_types.go:345.29,347.4 1 0
github.com/quay/quay-operator/apis/quay/v1/quayregistry_types.go:350.18,357.3 1 0
github.com/quay/quay-operator/apis/quay/v1/quayregistry_types.go:363.89,367.16 3 0
github.com/quay/quay-operator/apis/quay/v1/quayregistry_types.go:371.2,371.59 1 0
github.com/quay/quay-operator/apis/quay/v1/quayregistry_types.go:376.2,378.17 2 0
github.com/quay/quay-operator/apis/quay/v1/quayregistry_types.go:367.16,369.3 1 0
github.com/quay/quay-operator/apis/quay/v1/quayregistry_types.go:371.59,372.38 1 0
github.com/quay/quay-operator/apis/quay/v1/quayregistry_types.go:372.38,374.4 1 0
github.com/quay/quay-operator/apis/quay/v1/quayregistry_types.go:382.58,384.2 1 0
github.com/quay/quay-operator/apis/quay/v1/quayregistry_types.go:386.77,388.2 1 0
github.com/quay/quay-operator/apis/quay/v1/quayregistry_types.go:390.76,392.2 1 0
github.com/quay/quay-operator/apis/quay/v1/quayregistry_types.go:394.13,396.2 1 1
github.com/quay/quay-operator/apis/quay/v1/zz_generated.deepcopy.go:28.51,30.2 1 0
github.com/quay/quay-operator/apis/quay/v1/zz_generated.deepcopy.go:33.44,34.15 1 0
github.com/quay/quay-operator/apis/quay/v1/zz_generated.deepcopy.go:37.2,39.12 3 0
github.com/quay/quay-operator/apis/quay/v1/zz_generated.deepcopy.go:34.15,36.3 1 0
github.com/quay/quay-operator/apis/quay/v1/zz_generated.deepcopy.go:43.51,47.2 3 0
github.com/quay/quay-operator/apis/quay/v1/zz_generated.deepcopy.go:50.44,51.15 1 0
github.com/quay/quay-operator/apis/quay/v1/zz_generated.deepcopy.go:54.2,56.12 3 0
github.com/quay/quay-operator/apis/quay/v1/zz_generated.deepcopy.go:51.15,53.3 1 0
github.com/quay/quay-operator/apis/quay/v1/zz_generated.deepcopy.go:60.57,66.2 5 1
github.com/quay/quay-operator/apis/quay/v1/zz_generated.deepcopy.go:69.50,70.15 1 1
github.com/quay/quay-operator/apis/quay/v1/zz_generated.deepcopy.go:73.2,75.12 3 1
github.com/quay/quay-operator/apis/quay/v1/zz_generated.deepcopy.go:70.15,72.3 1 0
github.com/quay/quay-operator/apis/quay/v1/zz_generated.deepcopy.go:79.57,80.34 1 0
github.com/quay/quay-operator/apis/quay/v1/zz_generated.deepcopy.go:83.2,83.12 1 0
github.com/quay/quay-operator/apis/quay/v1/zz_generated.deepcopy.go:80.34,82.3 1 0
github.com/quay/quay-operator/apis/quay/v1/zz_generated.deepcopy.go:87.65,91.21 4 0
github.com/quay/quay-operator/apis/quay/v1/zz_generated.deepcopy.go:91.21,94.22 3 0
github.com/quay/quay-operator/apis/quay/v1/zz_generated.deepcopy.go:94.22,96.4 1 0
github.com/quay/quay-operator/apis/quay/v1/zz_generated.deepcopy.go:101.58,102.15 1 0
github.com/quay/quay-operator/apis/quay/v1/zz_generated.deepcopy.go:105.2,107.12 3 0
github.com/quay/quay-operator/apis/quay/v1/zz_generated.deepcopy.go:102.15,104.3 1 0
github.com/quay/quay-operator/apis/quay/v1/zz_generated.deepcopy.go:111.61,112.34 1 0
github.com/quay/quay-operator/apis/quay/v1/zz_generated.deepcopy.go:115.2,115.12 1 0
github.com/quay/quay-operator/apis/quay/v1/zz_generated.deepcopy.go:112.34,114.3 1 0
github.com/quay/quay-operator/apis/quay/v1/zz_generated.deepcopy.go:119.65,121.26 2 1
github.com/quay/quay-operator/apis/quay/v1/zz_generated.deepcopy.go:121.26,125.3 3 1
github.com/quay/quay-operator/apis/quay/v1/zz_generated.deepcopy.go:129.58,130.15 1 0
github.com/quay/quay-operator/apis/quay/v1/zz_generated.deepcopy.go:133.2,135.12 3 0
github.com/quay/quay-operator/apis/quay/v1/zz_generated.deepcopy.go:130.15,132.3 1 0
github.com/quay/quay-operator/apis/quay/v1/zz_generated.deepcopy.go:139.69,141.26 2 1
github.com/quay/quay-operator/apis/quay/v1/zz_generated.deepcopy.go:141.26,144.22 3 0
github.com/quay/quay-operator/apis/quay/v1/zz_generated.deepcopy.go:144.22,146.4 1 0
github.com/quay/quay-operator/apis/quay/v1/zz_generated.deepcopy.go:151.62,152.15 1 0
github.com/quay/quay-operator/apis/quay/v1/zz_generated.deepcopy.go:155.2,157.12 3 0
github.com/quay/quay-operator/apis/quay/v1/zz_generated.deepcopy.go:152.15,154.3 1 0
github.com/quay/quay-operator/pkg/kustomize/kustomize.go:55.64,73.17 5 1
github.com/quay/quay-operator/pkg/kustomize/kustomize.go:85.2,85.22 1 1
github.com/quay/quay-operator/pkg/kustomize/kustomize.go:73.17,74.42 1 1
github.com/quay/quay-operator/pkg/kustomize/kustomize.go:74.42,77.4 2 1
github.com/quay/quay-operator/pkg/kustomize/kustomize.go:77.9,77.49 1 1
github.com/quay/quay-operator/pkg/kustomize/kustomize.go:77.49,80.4 2 1
github.com/quay/quay-operator/pkg/kustomize/kustomize.go:80.9,81.81 1 0
github.com/quay/quay-operator/pkg/kustomize/kustomize.go:88.28,93.2 3 1
github.com/quay/quay-operator/pkg/kustomize/kustomize.go:95.22,97.2 1 1
github.com/quay/quay-operator/pkg/kustomize/kustomize.go:99.26,101.2 1 0
github.com/quay/quay-operator/pkg/kustomize/kustomize.go:103.33,105.2 1 1
github.com/quay/quay-operator/pkg/kustomize/kustomize.go:107.39,109.2 1 0
github.com/quay/quay-operator/pkg/kustomize/kustomize.go:111.49,112.137 1 1
github.com/quay/quay-operator/pkg/kustomize/kustomize.go:115.2,115.14 1 1
github.com/quay/quay-operator/pkg/kustomize/kustomize.go:112.137,114.3 1 0
github.com/quay/quay-operator/pkg/kustomize/kustomize.go:118.23,119.16 1 1
github.com/quay/quay-operator/pkg/kustomize/kustomize.go:119.16,120.13 1 0
github.com/quay/quay-operator/pkg/kustomize/kustomize.go:124.39,128.2 2 1
github.com/quay/quay-operator/pkg/kustomize/kustomize.go:130.39,135.2 3 1
github.com/quay/quay-operator/pkg/kustomize/kustomize.go:139.67,140.42 1 0
github.com/quay/quay-operator/pkg/kustomize/kustomize.go:144.2,144.16 1 0
github.com/quay/quay-operator/pkg/kustomize/kustomize.go:140.42,142.3 1 0
github.com/quay/quay-operator/pkg/kustomize/kustomize.go:149.58,150.22 1 1
github.com/quay/quay-operator/pkg/kustomize/kustomize.go:151.74,152.29 1 0
github.com/quay/quay-operator/pkg/kustomize/kustomize.go:153.71,154.26 1 1
github.com/quay/quay-operator/pkg/kustomize/kustomize.go:155.72,156.27 1 1
github.com/quay/quay-operator/pkg/kustomize/kustomize.go:157.74,158.29 1 1
github.com/quay/quay-operator/pkg/kustomize/kustomize.go:159.79,160.34 1 1
github.com/quay/quay-operator/pkg/kustomize/kustomize.go:161.86,162.41 1 1
github.com/quay/quay-operator/pkg/kustomize/kustomize.go:163.90,164.28 1 1
github.com/quay/quay-operator/pkg/kustomize/kustomize.go:165.110,166.22 1 0
github.com/quay/quay-operator/pkg/kustomize/kustomize.go:167.117,168.29 1 0
github.com/quay/quay-operator/pkg/kustomize/kustomize.go:169.99,170.24 1 0
github.com/quay/quay-operator/pkg/kustomize/kustomize.go:171.114,172.43 1 1
github.com/quay/quay-operator/pkg/kustomize/kustomize.go:173.115,174.48 1 1
github.com/quay/quay-operator/pkg/kustomize/kustomize.go:175.84,176.24 1 1
github.com/quay/quay-operator/pkg/kustomize/kustomize.go:177.111,178.40 1 0
github.com/quay/quay-operator/pkg/kustomize/kustomize.go:179.111,180.40 1 0
github.com/quay/quay-operator/pkg/kustomize/kustomize.go:181.10,182.63 1 0
github.com/quay/quay-operator/pkg/kustomize/kustomize.go:187.127,189.92 2 1
github.com/quay/quay-operator/pkg/kustomize/kustomize.go:207.2,216.46 6 1
github.com/quay/quay-operator/pkg/kustomize/kustomize.go:222.2,228.46 6 1
github.com/quay/quay-operator/pkg/kustomize/kustomize.go:248.2,248.20 1 1
github.com/quay/quay-operator/pkg/kustomize/kustomize.go:189.92,190.17 1 1
github.com/quay/quay-operator/pkg/kustomize/kustomize.go:194.3,194.20 1 1
github.com/quay/quay-operator/pkg/kustomize/kustomize.go:205.3,205.13 1 1
github.com/quay/quay-operator/pkg/kustomize/kustomize.go:190.17,192.4 1 0
github.com/quay/quay-operator/pkg/kustomize/kustomize.go:194.20,196.18 2 1
github.com/quay/quay-operator/pkg/kustomize/kustomize.go:200.4,201.18 2 1
github.com/quay/quay-operator/pkg/kustomize/kustomize.go:196.18,198.5 1 0
github.com/quay/quay-operator/pkg/kustomize/kustomize.go:201.18,203.5 1 0
github.com/quay/quay-operator/pkg/kustomize/kustomize.go:216.46,220.3 3 1
github.com/quay/quay-operator/pkg/kustomize/kustomize.go:228.46,238.17 4 1
github.com/quay/quay-operator/pkg/kustomize/kustomize.go:242.3,245.31 3 1
github.com/quay/quay-operator/pkg/kustomize/kustomize.go:238.17,239.86 1 0
github.com/quay/quay-operator/pkg/kustomize/kustomize.go:252.149,253.17 1 1
github.com/quay/quay-operator/pkg/kustomize/kustomize.go:257.2,258.35 2 1
github.com/quay/quay-operator/pkg/kustomize/kustomize.go:262.2,263.16 2 1
github.com/quay/quay-operator/pkg/kustomize/kustomize.go:267.2,268.36 2 1
github.com/quay/quay-operator/pkg/kustomize/kustomize.go:271.2,271.24 1 1
github.com/quay/quay-operator/pkg/kustomize/kustomize.go:274.2,274.23 1 1
github.com/quay/quay-operator/pkg/kustomize/kustomize.go:278.2,322.49 4 1
github.com/quay/quay-operator/pkg/kustomize/kustomize.go:349.2,350.100 2 1
github.com/quay/quay-operator/pkg/kustomize/kustomize.go:358.2,391.8 1 1
github.com/quay/quay-operator/pkg/kustomize/kustomize.go:253.17,255.3 1 1
github.com/quay/quay-operator/pkg/kustomize/kustomize.go:258.35,260.3 1 1
github.com/quay/quay-operator/pkg/kustomize/kustomize.go:263.16,265.3 1 0
github.com/quay/quay-operator/pkg/kustomize/kustomize.go:268.36,270.3 1 0
github.com/quay/quay-operator/pkg/kustomize/kustomize.go:271.24,273.3 1 0
github.com/quay/quay-operator/pkg/kustomize/kustomize.go:274.23,276.3 1 0
github.com/quay/quay-operator/pkg/kustomize/kustomize.go:322.49,323.24 1 1
github.com/quay/quay-operator/pkg/kustomize/kustomize.go:323.24,328.49 4 1
github.com/quay/quay-operator/pkg/kustomize/kustomize.go:332.4,333.58 2 1
github.com/quay/quay-operator/pkg/kustomize/kustomize.go:337.4,345.6 1 1
github.com/quay/quay-operator/pkg/kustomize/kustomize.go:328.49,329.13 1 1
github.com/quay/quay-operator/pkg/kustomize/kustomize.go:333.58,335.5 1 1
github.com/quay/quay-operator/pkg/kustomize/kustomize.go:350.100,351.24 1 1
github.com/quay/quay-operator/pkg/kustomize/kustomize.go:351.24,352.93 1 1
github.com/quay/quay-operator/pkg/kustomize/kustomize.go:352.93,354.5 1 1
github.com/quay/quay-operator/pkg/kustomize/kustomize.go:395.150,401.96 3 1
github.com/quay/quay-operator/pkg/kustomize/kustomize.go:408.2,408.33 1 1
github.com/quay/quay-operator/pkg/kustomize/kustomize.go:424.2,426.25 2 1
github.com/quay/quay-operator/pkg/kustomize/kustomize.go:442.2,444.21 2 1
github.com/quay/quay-operator/pkg/kustomize/kustomize.go:464.2,466.41 2 1
github.com/quay/quay-operator/pkg/kustomize/kustomize.go:471.2,473.49 2 1
github.com/quay/quay-operator/pkg/kustomize/kustomize.go:484.2,486.16 3 1
github.com/quay/quay-operator/pkg/kustomize/kustomize.go:490.2,494.16 4 1
github.com/quay/quay-operator/pkg/kustomize/kustomize.go:498.2,499.26 2 1
github.com/quay/quay-operator/pkg/kustomize/kustomize.go:506.2,507.16 2 1
github.com/quay/quay-operator/pkg/kustomize/kustomize.go:511.2,511.41 1 1
github.com/quay/quay-operator/pkg/kustomize/kustomize.go:520.2,520.41 1 1
github.com/quay/quay-operator/pkg/kustomize/kustomize.go:529.2,529.23 1 1
github.com/quay/quay-operator/pkg/kustomize/kustomize.go:401.96,403.3 1 0
github.com/quay/quay-operator/pkg/kustomize/kustomize.go:408.33,409.67 1 1
github.com/quay/quay-operator/pkg/kustomize/kustomize.go:409.67,413.4 2 1
github.com/quay/quay-operator/pkg/kustomize/kustomize.go:413.9,417.18 3 1
github.com/quay/quay-operator/pkg/kustomize/kustomize.go:421.4,421.45 1 1
github.com/quay/quay-operator/pkg/kustomize/kustomize.go:417.18,419.5 1 0
github.com/quay/quay-operator/pkg/kustomize/kustomize.go:426.25,427.58 1 1
github.com/quay/quay-operator/pkg/kustomize/kustomize.go:427.58,431.4 2 0
github.com/quay/quay-operator/pkg/kustomize/kustomize.go:431.9,435.18 3 1
github.com/quay/quay-operator/pkg/kustomize/kustomize.go:439.4,439.29 1 1
github.com/quay/quay-operator/pkg/kustomize/kustomize.go:435.18,437.5 1 0
github.com/quay/quay-operator/pkg/kustomize/kustomize.go:444.21,445.72 1 1
github.com/quay/quay-operator/pkg/kustomize/kustomize.go:445.72,453.18 7 1
github.com/quay/quay-operator/pkg/kustomize/kustomize.go:457.4,457.92 1 1
github.com/quay/quay-operator/pkg/kustomize/kustomize.go:453.18,455.5 1 0
github.com/quay/quay-operator/pkg/kustomize/kustomize.go:458.9,459.57 1 1
github.com/quay/quay-operator/pkg/kustomize/kustomize.go:459.57,461.5 1 1
github.com/quay/quay-operator/pkg/kustomize/kustomize.go:466.41,467.44 1 1
github.com/quay/quay-operator/pkg/kustomize/kustomize.go:467.44,469.4 1 1
github.com/quay/quay-operator/pkg/kustomize/kustomize.go:473.49,474.24 1 1
github.com/quay/quay-operator/pkg/kustomize/kustomize.go:474.24,476.18 2 1
github.com/quay/quay-operator/pkg/kustomize/kustomize.go:480.4,480.84 1 1
github.com/quay/quay-operator/pkg/kustomize/kustomize.go:476.18,478.5 1 0
github.com/quay/quay-operator/pkg/kustomize/kustomize.go:486.16,488.3 1 0
github.com/quay/quay-operator/pkg/kustomize/kustomize.go:494.16,496.3 1 0
github.com/quay/quay-operator/pkg/kustomize/kustomize.go:499.26,501.3 1 0
github.com/quay/quay-operator/pkg/kustomize/kustomize.go:501.8,501.45 1 1
github.com/quay/quay-operator/pkg/kustomize/kustomize.go:501.45,503.3 1 1
github.com/quay/quay-operator/pkg/kustomize/kustomize.go:503.8,505.3 1 0
github.com/quay/quay-operator/pkg/kustomize/kustomize.go:507.16,509.3 1 0
github.com/quay/quay-operator/pkg/kustomize/kustomize.go:511.41,513.17 2 1
github.com/quay/quay-operator/pkg/kustomize/kustomize.go:517.3,517.25 1 1
github.com/quay/quay-operator/pkg/kustomize/kustomize.go:513.17,515.4 1 0
github.com/quay/quay-operator/pkg/kustomize/kustomize.go:520.41,522.17 2 1
github.com/quay/quay-operator/pkg/kustomize/kustomize.go:526.3,526.30 1 1
github.com/quay/quay-operator/pkg/kustomize/kustomize.go:522.17,524.4 1 0
github.com/quay/quay-operator/pkg/kustomize/kustomize.go:532.39,534.74 1 1
github.com/quay/quay-operator/pkg/kustomize/kustomize.go:538.2,539.48 2 1
github.com/quay/quay-operator/pkg/kustomize/kustomize.go:543.2,543.54 1 1
github.com/quay/quay-operator/pkg/kustomize/kustomize.go:534.74,536.3 1 0
github.com/quay/quay-operator/pkg/kustomize/kustomize.go:539.48,541.3 1 0
github.com/quay/quay-operator/pkg/kustomize/secrets.go:39.136,40.19 1 1
github.com/quay/quay-operator/pkg/kustomize/secrets.go:41.25,43.17 2 1
github.com/quay/quay-operator/pkg/kustomize/secrets.go:47.3,48.17 2 1
github.com/quay/quay-operator/pkg/kustomize/secrets.go:51.3,59.25 7 1
github.com/quay/quay-operator/pkg/kustomize/secrets.go:60.25,62.17 2 1
github.com/quay/quay-operator/pkg/kustomize/secrets.go:66.3,75.25 3 1
github.com/quay/quay-operator/pkg/kustomize/secrets.go:76.28,78.17 2 1
github.com/quay/quay-operator/pkg/kustomize/secrets.go:82.3,84.25 2 1
github.com/quay/quay-operator/pkg/kustomize/secrets.go:85.33,106.25 2 1
github.com/quay/quay-operator/pkg/kustomize/secrets.go:107.25,114.25 2 1
github.com/quay/quay-operator/pkg/kustomize/secrets.go:115.26,122.25 2 1
github.com/quay/quay-operator/pkg/kustomize/secrets.go:123.23,124.18 1 1
github.com/quay/quay-operator/pkg/kustomize/secrets.go:125.30,126.18 1 0
github.com/quay/quay-operator/pkg/kustomize/secrets.go:127.23,128.18 1 0
github.com/quay/quay-operator/pkg/kustomize/secrets.go:129.10,130.68 1 0
github.com/quay/quay-operator/pkg/kustomize/secrets.go:43.17,45.4 1 0
github.com/quay/quay-operator/pkg/kustomize/secrets.go:48.17,50.4 1 0
github.com/quay/quay-operator/pkg/kustomize/secrets.go:62.17,64.4 1 0
github.com/quay/quay-operator/pkg/kustomize/secrets.go:78.17,80.4 1 0
github.com/quay/quay-operator/pkg/kustomize/secrets.go:135.42,138.52 3 1
github.com/quay/quay-operator/pkg/kustomize/secrets.go:143.2,157.3 1 1
github.com/quay/quay-operator/pkg/kustomize/secrets.go:138.52,141.3 2 0
github.com/quay/quay-operator/pkg/kustomize/secrets.go:161.104,163.16 2 1
github.com/quay/quay-operator/pkg/kustomize/secrets.go:167.2,174.36 3 1
github.com/quay/quay-operator/pkg/kustomize/secrets.go:178.2,178.45 1 1
github.com/quay/quay-operator/pkg/kustomize/secrets.go:186.2,186.37 1 1
github.com/quay/quay-operator/pkg/kustomize/secrets.go:163.16,165.3 1 0
github.com/quay/quay-operator/pkg/kustomize/secrets.go:174.36,176.3 1 1
github.com/quay/quay-operator/pkg/kustomize/secrets.go:178.45,179.30 1 1
github.com/quay/quay-operator/pkg/kustomize/secrets.go:179.30,180.134 1 1
github.com/quay/quay-operator/pkg/kustomize/secrets.go:180.134,182.5 1 1
github.com/quay/quay-operator/pkg/kustomize/secrets.go:192.103,195.24 2 1
github.com/quay/quay-operator/pkg/kustomize/secrets.go:229.2,229.31 1 1
github.com/quay/quay-operator/pkg/kustomize/secrets.go:235.2,235.19 1 1
github.com/quay/quay-operator/pkg/kustomize/secrets.go:196.25,197.67 1 1
github.com/quay/quay-operator/pkg/kustomize/secrets.go:198.28,199.53 1 1
github.com/quay/quay-operator/pkg/kustomize/secrets.go:200.25,201.47 1 1
github.com/quay/quay-operator/pkg/kustomize/secrets.go:202.33,203.73 1 1
github.com/quay/quay-operator/pkg/kustomize/secrets.go:204.23,206.20 1 1
github.com/quay/quay-operator/pkg/kustomize/secrets.go:207.26,208.57 1 1
github.com/quay/quay-operator/pkg/kustomize/secrets.go:209.25,212.24 2 1
github.com/quay/quay-operator/pkg/kustomize/secrets.go:220.30,221.20 1 0
github.com/quay/quay-operator/pkg/kustomize/secrets.go:222.23,223.48 1 0
github.com/quay/quay-operator/pkg/kustomize/secrets.go:224.10,225.48 1 0
github.com/quay/quay-operator/pkg/kustomize/secrets.go:212.24,213.33 1 1
github.com/quay/quay-operator/pkg/kustomize/secrets.go:213.33,215.35 1 1
github.com/quay/quay-operator/pkg/kustomize/secrets.go:215.35,217.6 1 1
github.com/quay/quay-operator/pkg/kustomize/secrets.go:229.31,230.37 1 1
github.com/quay/quay-operator/pkg/kustomize/secrets.go:230.37,232.4 1 1
github.com/quay/quay-operator/pkg/kustomize/secrets.go:238.59,239.19 1 1
github.com/quay/quay-operator/pkg/kustomize/secrets.go:240.25,241.27 1 1
github.com/quay/quay-operator/pkg/kustomize/secrets.go:242.28,243.20 1 1
github.com/quay/quay-operator/pkg/kustomize/secrets.go:244.25,245.17 1 1
github.com/quay/quay-operator/pkg/kustomize/secrets.go:246.33,247.30 1 1
github.com/quay/quay-operator/pkg/kustomize/secrets.go:248.25,249.24 1 1
github.com/quay/quay-operator/pkg/kustomize/secrets.go:250.26,251.22 1 1
github.com/quay/quay-operator/pkg/kustomize/secrets.go:252.23,253.12 1 1
github.com/quay/quay-operator/pkg/kustomize/secrets.go:254.30,255.12 1 0
github.com/quay/quay-operator/pkg/kustomize/secrets.go:256.23,257.12 1 0
github.com/quay/quay-operator/pkg/kustomize/secrets.go:258.10,259.43 1 0
github.com/quay/quay-operator/pkg/kustomize/secrets.go:264.139,265.19 1 1
github.com/quay/quay-operator/pkg/kustomize/secrets.go:266.28,268.10 2 1
github.com/quay/quay-operator/pkg/kustomize/secrets.go:272.3,273.63 2 1
github.com/quay/quay-operator/pkg/kustomize/secrets.go:277.3,278.17 2 1
github.com/quay/quay-operator/pkg/kustomize/secrets.go:282.3,286.17 5 1
github.com/quay/quay-operator/pkg/kustomize/secrets.go:290.3,295.9 1 1
github.com/quay/quay-operator/pkg/kustomize/secrets.go:296.25,298.59 2 1
github.com/quay/quay-operator/pkg/kustomize/secrets.go:303.3,303.68 1 1
github.com/quay/quay-operator/pkg/kustomize/secrets.go:310.3,310.25 1 1
github.com/quay/quay-operator/pkg/kustomize/secrets.go:314.3,315.52 2 1
github.com/quay/quay-operator/pkg/kustomize/secrets.go:320.3,320.97 1 1
github.com/quay/quay-operator/pkg/kustomize/secrets.go:321.10,322.18 1 1
github.com/quay/quay-operator/pkg/kustomize/secrets.go:268.10,270.4 1 1
github.com/quay/quay-operator/pkg/kustomize/secrets.go:273.63,275.4 1 0
github.com/quay/quay-operator/pkg/kustomize/secrets.go:278.17,280.4 1 0
github.com/quay/quay-operator/pkg/kustomize/secrets.go:286.17,288.4 1 0
github.com/quay/quay-operator/pkg/kustomize/secrets.go:298.59,301.4 2 0
github.com/quay/quay-operator/pkg/kustomize/secrets.go:303.68,305.117 2 1
github.com/quay/quay-operator/pkg/kustomize/secrets.go:305.117,307.5 1 1
github.com/quay/quay-operator/pkg/kustomize/secrets.go:310.25,312.4 1 1
github.com/quay/quay-operator/pkg/kustomize/secrets.go:315.52,318.4 2 1
github.com/quay/quay-operator/pkg/kustomize/secrets.go:327.86,376.2 11 1
github.com/quay/quay-operator/pkg/kustomize/secrets.go:380.49,383.16 3 1
github.com/quay/quay-operator/pkg/kustomize/secrets.go:386.2,386.15 1 1
github.com/quay/quay-operator/pkg/kustomize/secrets.go:383.16,385.3 1 0
github.com/quay/quay-operator/pkg/kustomize/secrets.go:390.50,393.16 3 1
github.com/quay/quay-operator/pkg/kustomize/secrets.go:396.2,396.26 1 1
github.com/quay/quay-operator/pkg/kustomize/secrets.go:399.2,399.27 1 1
github.com/quay/quay-operator/pkg/kustomize/secrets.go:393.16,395.3 1 0
github.com/quay/quay-operator/pkg/kustomize/secrets.go:396.26,398.3 1 1
github.com/quay/quay-operator/controllers/redhatcop/quayecosystem_controller.go:72.105,78.78 4 1
github.com/quay/quay-operator/controllers/redhatcop/quayecosystem_controller.go:84.2,87.92 3 1
github.com/quay/quay-operator/controllers/redhatcop/quayecosystem_controller.go:104.2,123.158 3 1
github.com/quay/quay-operator/controllers/redhatcop/quayecosystem_controller.go:135.2,136.86 2 1
github.com/quay/quay-operator/controllers/redhatcop/quayecosystem_controller.go:148.2,148.43 1 1
github.com/quay/quay-operator/controllers/redhatcop/quayecosystem_controller.go:170.2,170.38 1 1
github.com/quay/quay-operator/controllers/redhatcop/quayecosystem_controller.go:532.2,532.44 1 1
github.com/quay/quay-operator/controllers/redhatcop/quayecosystem_controller.go:555.2,555.35 1 1
github.com/quay/quay-operator/controllers/redhatcop/quayecosystem_controller.go:572.2,572.36 1 1
github.com/quay/quay-operator/controllers/redhatcop/quayecosystem_controller.go:587.2,587.35 1 1
github.com/quay/quay-operator/controllers/redhatcop/quayecosystem_controller.go:604.2,616.16 4 1
github.com/quay/quay-operator/controllers/redhatcop/quayecosystem_controller.go:628.2,631.66 3 1
github.com/quay/quay-operator/controllers/redhatcop/quayecosystem_controller.go:635.2,641.59 4 1
github.com/quay/quay-operator/controllers/redhatcop/quayecosystem_controller.go:653.2,656.84 2 1
github.com/quay/quay-operator/controllers/redhatcop/quayecosystem_controller.go:662.2,666.67 4 1
github.com/quay/quay-operator/controllers/redhatcop/quayecosystem_controller.go:678.2,678.27 1 1
github.com/quay/quay-operator/controllers/redhatcop/quayecosystem_controller.go:78.78,82.3 2 0
github.com/quay/quay-operator/controllers/redhatcop/quayecosystem_controller.go:87.92,91.3 2 1
github.com/quay/quay-operator/controllers/redhatcop/quayecosystem_controller.go:91.8,91.116 1 1
github.com/quay/quay-operator/controllers/redhatcop/quayecosystem_controller.go:91.116,97.77 4 0
github.com/quay/quay-operator/controllers/redhatcop/quayecosystem_controller.go:101.3,101.28 1 0
github.com/quay/quay-operator/controllers/redhatcop/quayecosystem_controller.go:97.77,99.4 1 0
github.com/quay/quay-operator/controllers/redhatcop/quayecosystem_controller.go:123.158,133.3 3 1
github.com/quay/quay-operator/controllers/redhatcop/quayecosystem_controller.go:136.86,146.3 3 0
github.com/quay/quay-operator/controllers/redhatcop/quayecosystem_controller.go:148.43,157.3 3 1
github.com/quay/quay-operator/controllers/redhatcop/quayecosystem_controller.go:157.8,168.3 4 1
github.com/quay/quay-operator/controllers/redhatcop/quayecosystem_controller.go:170.38,174.34 3 1
github.com/quay/quay-operator/controllers/redhatcop/quayecosystem_controller.go:178.3,181.168 3 1
github.com/quay/quay-operator/controllers/redhatcop/quayecosystem_controller.go:194.3,205.82 2 1
github.com/quay/quay-operator/controllers/redhatcop/quayecosystem_controller.go:210.3,212.67 2 1
github.com/quay/quay-operator/controllers/redhatcop/quayecosystem_controller.go:224.3,241.20 5 1
github.com/quay/quay-operator/controllers/redhatcop/quayecosystem_controller.go:245.3,398.71 3 1
github.com/quay/quay-operator/controllers/redhatcop/quayecosystem_controller.go:423.3,423.60 1 1
github.com/quay/quay-operator/controllers/redhatcop/quayecosystem_controller.go:437.3,440.67 3 1
github.com/quay/quay-operator/controllers/redhatcop/quayecosystem_controller.go:452.3,454.68 2 1
github.com/quay/quay-operator/controllers/redhatcop/quayecosystem_controller.go:496.3,496.17 1 1
github.com/quay/quay-operator/controllers/redhatcop/quayecosystem_controller.go:508.3,508.67 1 1
github.com/quay/quay-operator/controllers/redhatcop/quayecosystem_controller.go:520.3,520.67 1 1
github.com/quay/quay-operator/controllers/redhatcop/quayecosystem_controller.go:174.34,176.4 1 1
github.com/quay/quay-operator/controllers/redhatcop/quayecosystem_controller.go:181.168,191.4 3 0
github.com/quay/quay-operator/controllers/redhatcop/quayecosystem_controller.go:205.82,206.50 1 0
github.com/quay/quay-operator/controllers/redhatcop/quayecosystem_controller.go:206.50,208.5 1 0
github.com/quay/quay-operator/controllers/redhatcop/quayecosystem_controller.go:212.67,222.4 3 0
github.com/quay/quay-operator/controllers/redhatcop/quayecosystem_controller.go:241.20,243.4 1 1
github.com/quay/quay-operator/controllers/redhatcop/quayecosystem_controller.go:398.71,401.197 2 1
github.com/quay/quay-operator/controllers/redhatcop/quayecosystem_controller.go:410.4,410.20 1 1
github.com/quay/quay-operator/controllers/redhatcop/quayecosystem_controller.go:401.197,408.5 4 0
github.com/quay/quay-operator/controllers/redhatcop/quayecosystem_controller.go:411.18,421.4 3 0
github.com/quay/quay-operator/controllers/redhatcop/quayecosystem_controller.go:423.60,435.4 4 0
github.com/quay/quay-operator/controllers/redhatcop/quayecosystem_controller.go:440.67,450.4 3 0
github.com/quay/quay-operator/controllers/redhatcop/quayecosystem_controller.go:454.68,457.171 2 1
github.com/quay/quay-operator/controllers/redhatcop/quayecosystem_controller.go:463.4,463.52 1 1
github.com/quay/quay-operator/controllers/redhatcop/quayecosystem_controller.go:467.4,471.19 2 1
github.com/quay/quay-operator/controllers/redhatcop/quayecosystem_controller.go:477.4,477.53 1 1
github.com/quay/quay-operator/controllers/redhatcop/quayecosystem_controller.go:493.4,493.20 1 1
github.com/quay/quay-operator/controllers/redhatcop/quayecosystem_controller.go:457.171,461.5 2 0
github.com/quay/quay-operator/controllers/redhatcop/quayecosystem_controller.go:463.52,465.5 1 0
github.com/quay/quay-operator/controllers/redhatcop/quayecosystem_controller.go:471.19,475.5 2 0
github.com/quay/quay-operator/controllers/redhatcop/quayecosystem_controller.go:477.53,478.115 1 0
github.com/quay/quay-operator/controllers/redhatcop/quayecosystem_controller.go:484.5,484.75 1 0
github.com/quay/quay-operator/controllers/redhatcop/quayecosystem_controller.go:478.115,482.6 2 0
github.com/quay/quay-operator/controllers/redhatcop/quayecosystem_controller.go:484.75,485.32 1 0
github.com/quay/quay-operator/controllers/redhatcop/quayecosystem_controller.go:485.32,489.7 2 0
github.com/quay/quay-operator/controllers/redhatcop/quayecosystem_controller.go:496.17,506.4 3 0
github.com/quay/quay-operator/controllers/redhatcop/quayecosystem_controller.go:508.67,518.4 3 0
github.com/quay/quay-operator/controllers/redhatcop/quayecosystem_controller.go:520.67,522.4 1 1
github.com/quay/quay-operator/controllers/redhatcop/quayecosystem_controller.go:523.8,530.3 2 1
github.com/quay/quay-operator/controllers/redhatcop/quayecosystem_controller.go:532.44,539.75 2 1
github.com/quay/quay-operator/controllers/redhatcop/quayecosystem_controller.go:545.3,545.113 1 1
github.com/quay/quay-operator/controllers/redhatcop/quayecosystem_controller.go:539.75,540.34 1 1
github.com/quay/quay-operator/controllers/redhatcop/quayecosystem_controller.go:540.34,542.5 1 1
github.com/quay/quay-operator/controllers/redhatcop/quayecosystem_controller.go:546.8,553.3 2 1
github.com/quay/quay-operator/controllers/redhatcop/quayecosystem_controller.go:555.35,558.61 2 1
github.com/quay/quay-operator/controllers/redhatcop/quayecosystem_controller.go:562.3,562.50 1 1
github.com/quay/quay-operator/controllers/redhatcop/quayecosystem_controller.go:558.61,560.4 1 1
github.com/quay/quay-operator/controllers/redhatcop/quayecosystem_controller.go:563.8,570.3 2 1
github.com/quay/quay-operator/controllers/redhatcop/quayecosystem_controller.go:572.36,575.71 2 0
github.com/quay/quay-operator/controllers/redhatcop/quayecosystem_controller.go:575.71,577.4 1 0
github.com/quay/quay-operator/controllers/redhatcop/quayecosystem_controller.go:578.8,585.3 2 1
github.com/quay/quay-operator/controllers/redhatcop/quayecosystem_controller.go:587.35,590.81 2 1
github.com/quay/quay-operator/controllers/redhatcop/quayecosystem_controller.go:594.3,594.61 1 1
github.com/quay/quay-operator/controllers/redhatcop/quayecosystem_controller.go:590.81,592.4 1 1
github.com/quay/quay-operator/controllers/redhatcop/quayecosystem_controller.go:595.8,602.3 2 1
github.com/quay/quay-operator/controllers/redhatcop/quayecosystem_controller.go:616.16,626.3 3 0
github.com/quay/quay-operator/controllers/redhatcop/quayecosystem_controller.go:631.66,633.3 1 0
github.com/quay/quay-operator/controllers/redhatcop/quayecosystem_controller.go:641.59,651.3 3 0
github.com/quay/quay-operator/controllers/redhatcop/quayecosystem_controller.go:656.84,660.3 2 0
github.com/quay/quay-operator/controllers/redhatcop/quayecosystem_controller.go:666.67,676.3 3 0
github.com/quay/quay-operator/controllers/redhatcop/quayecosystem_controller.go:681.203,694.84 4 1
github.com/quay/quay-operator/controllers/redhatcop/quayecosystem_controller.go:698.2,698.25 1 1
github.com/quay/quay-operator/controllers/redhatcop/quayecosystem_controller.go:694.84,696.3 1 0
github.com/quay/quay-operator/controllers/redhatcop/quayecosystem_controller.go:702.193,706.2 2 1
github.com/quay/quay-operator/controllers/redhatcop/quayecosystem_controller.go:708.56,710.2 1 1
github.com/quay/quay-operator/controllers/redhatcop/quayecosystem_controller.go:712.62,718.2 1 1
github.com/quay/quay-operator/controllers/redhatcop/quayecosystem_controller.go:720.53,722.2 1 1
github.com/quay/quay-operator/controllers/redhatcop/quayecosystem_controller.go:724.61,727.42 1 1
github.com/quay/quay-operator/controllers/redhatcop/quayecosystem_controller.go:731.2,731.55 1 1
github.com/quay/quay-operator/controllers/redhatcop/quayecosystem_controller.go:737.2,737.13 1 1
github.com/quay/quay-operator/controllers/redhatcop/quayecosystem_controller.go:727.42,729.3 1 0
github.com/quay/quay-operator/controllers/redhatcop/quayecosystem_controller.go:731.55,732.27 1 1
github.com/quay/quay-operator/controllers/redhatcop/quayecosystem_controller.go:732.27,734.4 1 1
github.com/quay/quay-operator/controllers/redhatcop/quayecosystem_controller.go:740.54,742.2 1 1
github.com/quay/quay-operator/controllers/redhatcop/quayecosystem_controller.go:744.53,746.2 1 1
github.com/quay/quay-operator/controllers/redhatcop/quayecosystem_controller.go:748.66,750.76 1 1
github.com/quay/quay-operator/controllers/redhatcop/quayecosystem_controller.go:754.2,754.15 1 1
github.com/quay/quay-operator/controllers/redhatcop/quayecosystem_controller.go:750.76,752.3 1 1
github.com/quay/quay-operator/controllers/redhatcop/quayecosystem_controller.go:757.59,759.2 1 1
github.com/quay/quay-operator/controllers/redhatcop/quayecosystem_controller.go:761.76,765.2 1 0
github.com/quay/quay-operator/controllers/quay/features.go:49.204,58.76 3 1
github.com/quay/quay-operator/controllers/quay/features.go:62.2,62.39 1 1
github.com/quay/quay-operator/controllers/quay/features.go:71.2,71.23 1 1
github.com/quay/quay-operator/controllers/quay/features.go:58.76,60.3 1 0
github.com/quay/quay-operator/controllers/quay/features.go:62.39,63.47 1 0
github.com/quay/quay-operator/controllers/quay/features.go:63.47,67.9 4 0
github.com/quay/quay-operator/controllers/quay/features.go:74.203,78.53 3 1
github.com/quay/quay-operator/controllers/quay/features.go:88.2,88.23 1 1
github.com/quay/quay-operator/controllers/quay/features.go:78.53,84.3 4 1
github.com/quay/quay-operator/controllers/quay/features.go:84.8,86.3 1 1
github.com/quay/quay-operator/controllers/quay/features.go:91.208,95.77 2 1
github.com/quay/quay-operator/controllers/quay/features.go:99.2,100.16 2 1
github.com/quay/quay-operator/controllers/quay/features.go:104.2,104.37 1 1
github.com/quay/quay-operator/controllers/quay/features.go:108.2,116.16 2 1
github.com/quay/quay-operator/controllers/quay/features.go:120.2,120.104 1 1
github.com/quay/quay-operator/controllers/quay/features.go:170.2,172.23 2 1
github.com/quay/quay-operator/controllers/quay/features.go:95.77,97.3 1 0
github.com/quay/quay-operator/controllers/quay/features.go:100.16,102.3 1 0
github.com/quay/quay-operator/controllers/quay/features.go:104.37,106.3 1 1
github.com/quay/quay-operator/controllers/quay/features.go:116.16,118.3 1 0
github.com/quay/quay-operator/controllers/quay/features.go:120.104,124.86 2 0
github.com/quay/quay-operator/controllers/quay/features.go:140.3,140.17 1 0
github.com/quay/quay-operator/controllers/quay/features.go:144.3,144.31 1 0
github.com/quay/quay-operator/controllers/quay/features.go:151.3,155.17 3 0
github.com/quay/quay-operator/controllers/quay/features.go:159.3,163.74 3 0
github.com/quay/quay-operator/controllers/quay/features.go:167.3,167.24 1 0
github.com/quay/quay-operator/controllers/quay/features.go:124.86,125.164 1 0
github.com/quay/quay-operator/controllers/quay/features.go:129.4,129.58 1 0
github.com/quay/quay-operator/controllers/quay/features.go:136.4,138.21 2 0
github.com/quay/quay-operator/controllers/quay/features.go:125.164,127.5 1 0
github.com/quay/quay-operator/controllers/quay/features.go:129.58,134.5 3 0
github.com/quay/quay-operator/controllers/quay/features.go:140.17,142.4 1 0
github.com/quay/quay-operator/controllers/quay/features.go:144.31,149.4 1 0
github.com/quay/quay-operator/controllers/quay/features.go:155.17,157.4 1 0
github.com/quay/quay-operator/controllers/quay/features.go:163.74,165.4 1 0
github.com/quay/quay-operator/controllers/quay/features.go:175.220,178.81 3 1
github.com/quay/quay-operator/controllers/quay/features.go:227.2,227.23 1 1
github.com/quay/quay-operator/controllers/quay/features.go:178.81,184.48 4 0
github.com/quay/quay-operator/controllers/quay/features.go:219.3,219.13 1 0
github.com/quay/quay-operator/controllers/quay/features.go:184.48,185.70 1 0
github.com/quay/quay-operator/controllers/quay/features.go:185.70,190.94 4 0
github.com/quay/quay-operator/controllers/quay/features.go:196.5,197.94 2 0
github.com/quay/quay-operator/controllers/quay/features.go:203.5,206.88 3 0
github.com/quay/quay-operator/controllers/quay/features.go:211.5,215.40 5 0
github.com/quay/quay-operator/controllers/quay/features.go:190.94,194.6 2 0
github.com/quay/quay-operator/controllers/quay/features.go:197.94,201.6 2 0
github.com/quay/quay-operator/controllers/quay/features.go:206.88,209.6 2 0
github.com/quay/quay-operator/controllers/quay/features.go:219.13,221.4 1 0
github.com/quay/quay-operator/controllers/quay/features.go:223.8,223.23 1 1
github.com/quay/quay-operator/controllers/quay/features.go:223.23,225.3 1 1
github.com/quay/quay-operator/controllers/quay/features.go:231.214,233.77 2 1
github.com/quay/quay-operator/controllers/quay/features.go:237.2,237.65 1 1
github.com/quay/quay-operator/controllers/quay/features.go:241.2,241.23 1 1
github.com/quay/quay-operator/controllers/quay/features.go:233.77,235.3 1 0
github.com/quay/quay-operator/controllers/quay/features.go:237.65,239.3 1 0
github.com/quay/quay-operator/controllers/quay/features.go:247.212,248.31 1 1
github.com/quay/quay-operator/controllers/quay/features.go:255.2,256.78 2 1
github.com/quay/quay-operator/controllers/quay/features.go:260.2,263.78 3 0
github.com/quay/quay-operator/controllers/quay/features.go:267.2,271.101 4 0
github.com/quay/quay-operator/controllers/quay/features.go:276.2,280.23 3 0
github.com/quay/quay-operator/controllers/quay/features.go:248.31,253.3 4 0
github.com/quay/quay-operator/controllers/quay/features.go:256.78,259.3 2 1
github.com/quay/quay-operator/controllers/quay/features.go:263.78,266.3 2 0
github.com/quay/quay-operator/controllers/quay/features.go:271.101,275.3 3 0
github.com/quay/quay-operator/controllers/quay/features.go:283.69,284.27 1 1
github.com/quay/quay-operator/controllers/quay/features.go:294.2,294.11 1 0
github.com/quay/quay-operator/controllers/quay/features.go:284.27,289.112 4 1
github.com/quay/quay-operator/controllers/quay/features.go:289.112,291.4 1 1
github.com/quay/quay-operator/controllers/quay/features.go:298.57,302.16 2 0
github.com/quay/quay-operator/controllers/quay/features.go:305.2,307.63 3 0
github.com/quay/quay-operator/controllers/quay/features.go:317.2,317.23 1 0
github.com/quay/quay-operator/controllers/quay/features.go:302.16,304.3 1 0
github.com/quay/quay-operator/controllers/quay/features.go:307.63,312.17 2 0
github.com/quay/quay-operator/controllers/quay/features.go:312.17,314.4 1 0
github.com/quay/quay-operator/controllers/quay/quayregistry_controller.go:82.104,88.69 4 1
github.com/quay/quay-operator/controllers/quay/quayregistry_controller.go:98.2,102.29 4 1
github.com/quay/quay-operator/controllers/quay/quayregistry_controller.go:118.2,118.165 1 1
github.com/quay/quay-operator/controllers/quay/quayregistry_controller.go:124.2,124.40 1 1
github.com/quay/quay-operator/controllers/quay/quayregistry_controller.go:159.2,160.140 2 1
github.com/quay/quay-operator/controllers/quay/quayregistry_controller.go:166.2,169.16 3 1
github.com/quay/quay-operator/controllers/quay/quayregistry_controller.go:175.2,176.16 2 1
github.com/quay/quay-operator/controllers/quay/quayregistry_controller.go:182.2,183.89 2 1
github.com/quay/quay-operator/controllers/quay/quayregistry_controller.go:189.2,190.97 2 1
github.com/quay/quay-operator/controllers/quay/quayregistry_controller.go:199.2,200.16 2 1
github.com/quay/quay-operator/controllers/quay/quayregistry_controller.go:206.2,207.94 2 1
github.com/quay/quay-operator/controllers/quay/quayregistry_controller.go:213.2,214.16 2 1
github.com/quay/quay-operator/controllers/quay/quayregistry_controller.go:220.2,220.76 1 1
github.com/quay/quay-operator/controllers/quay/quayregistry_controller.go:231.2,233.16 3 1
github.com/quay/quay-operator/controllers/quay/quayregistry_controller.go:242.2,244.56 2 1
github.com/quay/quay-operator/controllers/quay/quayregistry_controller.go:276.2,278.16 3 1
github.com/quay/quay-operator/controllers/quay/quayregistry_controller.go:284.2,284.71 1 1
github.com/quay/quay-operator/controllers/quay/quayregistry_controller.go:304.2,304.36 1 1
github.com/quay/quay-operator/controllers/quay/quayregistry_controller.go:312.2,315.182 3 1
github.com/quay/quay-operator/controllers/quay/quayregistry_controller.go:319.2,320.16 2 0
github.com/quay/quay-operator/controllers/quay/quayregistry_controller.go:326.2,326.114 1 0
github.com/quay/quay-operator/controllers/quay/quayregistry_controller.go:332.2,332.64 1 0
github.com/quay/quay-operator/controllers/quay/quayregistry_controller.go:396.2,396.75 1 0
github.com/quay/quay-operator/controllers/quay/quayregistry_controller.go:404.2,404.27 1 0
github.com/quay/quay-operator/controllers/quay/quayregistry_controller.go:88.69,89.29 1 0
github.com/quay/quay-operator/controllers/quay/quayregistry_controller.go:95.3,95.51 1 0
github.com/quay/quay-operator/controllers/quay/quayregistry_controller.go:89.29,91.4 1 0
github.com/quay/quay-operator/controllers/quay/quayregistry_controller.go:91.9,93.4 1 0
github.com/quay/quay-operator/controllers/quay/quayregistry_controller.go:102.29,104.75 2 0
github.com/quay/quay-operator/controllers/quay/quayregistry_controller.go:115.3,115.28 1 0
github.com/quay/quay-operator/controllers/quay/quayregistry_controller.go:104.75,105.59 1 0
github.com/quay/quay-operator/controllers/quay/quayregistry_controller.go:109.4,111.18 3 0
github.com/quay/quay-operator/controllers/quay/quayregistry_controller.go:105.59,107.5 1 0
github.com/quay/quay-operator/controllers/quay/quayregistry_controller.go:111.18,113.5 1 0
github.com/quay/quay-operator/controllers/quay/quayregistry_controller.go:118.165,122.3 2 0
github.com/quay/quay-operator/controllers/quay/quayregistry_controller.go:124.40,136.17 3 1
github.com/quay/quay-operator/controllers/quay/quayregistry_controller.go:142.3,142.64 1 1
github.com/quay/quay-operator/controllers/quay/quayregistry_controller.go:148.3,150.59 3 1
github.com/quay/quay-operator/controllers/quay/quayregistry_controller.go:155.3,156.28 2 1
github.com/quay/quay-operator/controllers/quay/quayregistry_controller.go:136.17,140.4 2 0
github.com/quay/quay-operator/controllers/quay/quayregistry_controller.go:142.64,146.4 2 0
github.com/quay/quay-operator/controllers/quay/quayregistry_controller.go:150.59,153.4 2 0
github.com/quay/quay-operator/controllers/quay/quayregistry_controller.go:160.140,164.3 2 1
github.com/quay/quay-operator/controllers/quay/quayregistry_controller.go:169.16,173.3 2 0
github.com/quay/quay-operator/controllers/quay/quayregistry_controller.go:176.16,180.3 2 0
github.com/quay/quay-operator/controllers/quay/quayregistry_controller.go:183.89,187.3 2 0
github.com/quay/quay-operator/controllers/quay/quayregistry_controller.go:190.97,192.172 2 0
github.com/quay/quay-operator/controllers/quay/quayregistry_controller.go:196.3,196.65 1 0
github.com/quay/quay-operator/controllers/quay/quayregistry_controller.go:192.172,194.4 1 0
github.com/quay/quay-operator/controllers/quay/quayregistry_controller.go:200.16,204.3 2 0
github.com/quay/quay-operator/controllers/quay/quayregistry_controller.go:207.94,211.3 2 0
github.com/quay/quay-operator/controllers/quay/quayregistry_controller.go:214.16,218.3 2 0
github.com/quay/quay-operator/controllers/quay/quayregistry_controller.go:220.76,222.58 2 1
github.com/quay/quay-operator/controllers/quay/quayregistry_controller.go:228.3,228.28 1 1
github.com/quay/quay-operator/controllers/quay/quayregistry_controller.go:222.58,226.4 2 0
github.com/quay/quay-operator/controllers/quay/quayregistry_controller.go:233.16,235.17 2 0
github.com/quay/quay-operator/controllers/quay/quayregistry_controller.go:235.17,239.4 2 0
github.com/quay/quay-operator/controllers/quay/quayregistry_controller.go:244.56,246.17 2 1
github.com/quay/quay-operator/controllers/quay/quayregistry_controller.go:255.3,255.36 1 1
github.com/quay/quay-operator/controllers/quay/quayregistry_controller.go:246.17,248.18 2 0
github.com/quay/quay-operator/controllers/quay/quayregistry_controller.go:248.18,252.5 2 0
github.com/quay/quay-operator/controllers/quay/quayregistry_controller.go:255.36,259.18 3 0
github.com/quay/quay-operator/controllers/quay/quayregistry_controller.go:259.18,263.5 2 0
github.com/quay/quay-operator/controllers/quay/quayregistry_controller.go:264.9,264.85 1 1
github.com/quay/quay-operator/controllers/quay/quayregistry_controller.go:264.85,268.18 3 1
github.com/quay/quay-operator/controllers/quay/quayregistry_controller.go:268.18,272.5 2 0
github.com/quay/quay-operator/controllers/quay/quayregistry_controller.go:278.16,282.3 2 0
github.com/quay/quay-operator/controllers/quay/quayregistry_controller.go:284.71,288.64 1 1
github.com/quay/quay-operator/controllers/quay/quayregistry_controller.go:297.3,297.64 1 1
github.com/quay/quay-operator/controllers/quay/quayregistry_controller.go:288.64,291.113 2 0
github.com/quay/quay-operator/controllers/quay/quayregistry_controller.go:291.113,294.5 2 0
github.com/quay/quay-operator/controllers/quay/quayregistry_controller.go:297.64,301.4 2 0
github.com/quay/quay-operator/controllers/quay/quayregistry_controller.go:304.36,306.17 2 0
github.com/quay/quay-operator/controllers/quay/quayregistry_controller.go:306.17,309.4 1 0
github.com/quay/quay-operator/controllers/quay/quayregistry_controller.go:315.182,317.3 1 1
github.com/quay/quay-operator/controllers/quay/quayregistry_controller.go:320.16,324.3 2 0
github.com/quay/quay-operator/controllers/quay/quayregistry_controller.go:326.114,330.3 2 0
github.com/quay/quay-operator/controllers/quay/quayregistry_controller.go:332.64,334.17 2 0
github.com/quay/quay-operator/controllers/quay/quayregistry_controller.go:340.3,340.42 1 0
github.com/quay/quay-operator/controllers/quay/quayregistry_controller.go:334.17,338.4 2 0
github.com/quay/quay-operator/controllers/quay/quayregistry_controller.go:340.42,341.82 1 0
github.com/quay/quay-operator/controllers/quay/quayregistry_controller.go:390.4,390.18 1 0
github.com/quay/quay-operator/controllers/quay/quayregistry_controller.go:341.82,346.19 4 0
github.com/quay/quay-operator/controllers/quay/quayregistry_controller.go:352.5,352.40 1 0
github.com/quay/quay-operator/controllers/quay/quayregistry_controller.go:387.5,387.22 1 0
github.com/quay/quay-operator/controllers/quay/quayregistry_controller.go:346.19,350.6 2 0
github.com/quay/quay-operator/controllers/quay/quayregistry_controller.go:352.40,369.70 8 0
github.com/quay/quay-operator/controllers/quay/quayregistry_controller.go:375.6,376.61 2 0
github.com/quay/quay-operator/controllers/quay/quayregistry_controller.go:382.6,384.22 2 0
github.com/quay/quay-operator/controllers/quay/quayregistry_controller.go:369.70,373.7 2 0
github.com/quay/quay-operator/controllers/quay/quayregistry_controller.go:376.61,380.7 2 0
github.com/quay/quay-operator/controllers/quay/quayregistry_controller.go:390.18,392.5 1 0
github.com/quay/quay-operator/controllers/quay/quayregistry_controller.go:396.75,399.17 3 0
github.com/quay/quay-operator/controllers/quay/quayregistry_controller.go:399.17,401.4 1 0
github.com/quay/quay-operator/controllers/quay/quayregistry_controller.go:408.114,416.16 6 0
github.com/quay/quay-operator/controllers/quay/quayregistry_controller.go:420.2,421.16 2 0
github.com/quay/quay-operator/controllers/quay/quayregistry_controller.go:425.2,427.16 3 0
github.com/quay/quay-operator/controllers/quay/quayregistry_controller.go:431.2,432.26 2 0
github.com/quay/quay-operator/controllers/quay/quayregistry_controller.go:416.16,418.3 1 0
github.com/quay/quay-operator/controllers/quay/quayregistry_controller.go:421.16,423.3 1 0
github.com/quay/quay-operator/controllers/quay/quayregistry_controller.go:427.16,429.3 1 0
github.com/quay/quay-operator/controllers/quay/quayregistry_controller.go:436.84,440.2 2 0
github.com/quay/quay-operator/controllers/quay/quayregistry_controller.go:443.49,448.2 2 1
github.com/quay/quay-operator/controllers/quay/quayregistry_controller.go:450.39,454.2 2 1
github.com/quay/quay-operator/controllers/quay/quayregistry_controller.go:456.39,461.2 3 0
github.com/quay/quay-operator/controllers/quay/quayregistry_controller.go:463.123,478.16 7 1
github.com/quay/quay-operator/controllers/quay/quayregistry_controller.go:484.2,484.29 1 1
github.com/quay/quay-operator/controllers/quay/quayregistry_controller.go:493.2,495.42 2 1
github.com/quay/quay-operator/controllers/quay/quayregistry_controller.go:531.2,533.12 2 1
github.com/quay/quay-operator/controllers/quay/quayregistry_controller.go:478.16,481.3 2 0
github.com/quay/quay-operator/controllers/quay/quayregistry_controller.go:484.29,486.17 2 0
github.com/quay/quay-operator/controllers/quay/quayregistry_controller.go:486.17,489.4 2 0
github.com/quay/quay-operator/controllers/quay/quayregistry_controller.go:495.42,499.172 3 1
github.com/quay/quay-operator/controllers/quay/quayregistry_controller.go:505.3,505.84 1 1
github.com/quay/quay-operator/controllers/quay/quayregistry_controller.go:515.3,515.17 1 1
github.com/quay/quay-operator/controllers/quay/quayregistry_controller.go:521.3,521.56 1 1
github.com/quay/quay-operator/controllers/quay/quayregistry_controller.go:499.172,503.4 2 0
github.com/quay/quay-operator/controllers/quay/quayregistry_controller.go:505.84,506.52 1 1
github.com/quay/quay-operator/controllers/quay/quayregistry_controller.go:506.52,508.5 1 1
github.com/quay/quay-operator/controllers/quay/quayregistry_controller.go:508.10,508.42 1 0
github.com/quay/quay-operator/controllers/quay/quayregistry_controller.go:508.42,510.5 1 0
github.com/quay/quay-operator/controllers/quay/quayregistry_controller.go:510.10,512.5 1 0
github.com/quay/quay-operator/controllers/quay/quayregistry_controller.go:515.17,519.4 2 0
github.com/quay/quay-operator/controllers/quay/quayregistry_controller.go:522.8,524.73 2 1
github.com/quay/quay-operator/controllers/quay/quayregistry_controller.go:524.73,528.4 2 0
github.com/quay/quay-operator/controllers/quay/quayregistry_controller.go:536.185,551.31 6 1
github.com/quay/quay-operator/controllers/quay/quayregistry_controller.go:556.2,560.143 3 1
github.com/quay/quay-operator/controllers/quay/quayregistry_controller.go:563.2,565.84 2 1
github.com/quay/quay-operator/controllers/quay/quayregistry_controller.go:569.2,571.25 2 1
github.com/quay/quay-operator/controllers/quay/quayregistry_controller.go:551.31,553.3 1 1
github.com/quay/quay-operator/controllers/quay/quayregistry_controller.go:560.143,562.3 1 0
github.com/quay/quay-operator/controllers/quay/quayregistry_controller.go:565.84,567.3 1 0
github.com/quay/quay-operator/controllers/quay/quayregistry_controller.go:575.183,579.2 2 1
github.com/quay/quay-operator/controllers/quay/quayregistry_controller.go:582.75,584.61 1 0
github.com/quay/quay-operator/controllers/quay/quayregistry_controller.go:590.2,590.66 1 0
github.com/quay/quay-operator/controllers/quay/quayregistry_controller.go:596.2,596.66 1 0
github.com/quay/quay-operator/controllers/quay/quayregistry_controller.go:602.2,606.14 1 0
github.com/quay/quay-operator/controllers/quay/quayregistry_controller.go:584.61,588.3 2 0
github.com/quay/quay-operator/controllers/quay/quayregistry_controller.go:590.66,594.3 2 0
github.com/quay/quay-operator/controllers/quay/quayregistry_controller.go:596.66,600.3 2 0
github.com/quay/quay-operator/controllers/quay/quayregistry_controller.go:609.111,613.16 3 0
github.com/quay/quay-operator/controllers/quay/quayregistry_controller.go:617.2,619.37 3 0
github.com/quay/quay-operator/controllers/quay/quayregistry_controller.go:623.2,623.72 1 0
github.com/quay/quay-operator/controllers/quay/quayregistry_controller.go:633.2,633.12 1 0
github.com/quay/quay-operator/controllers/quay/quayregistry_controller.go:613.16,615.3 1 0
github.com/quay/quay-operator/controllers/quay/quayregistry_controller.go:619.37,621.3 1 0
github.com/quay/quay-operator/controllers/quay/quayregistry_controller.go:623.72,631.3 6 0
github.com/quay/quay-operator/controllers/quay/quayregistry_controller.go:636.107,640.16 3 0
github.com/quay/quay-operator/controllers/quay/quayregistry_controller.go:644.2,649.72 3 0
github.com/quay/quay-operator/controllers/quay/quayregistry_controller.go:653.2,653.106 1 0
github.com/quay/quay-operator/controllers/quay/quayregistry_controller.go:668.2,668.12 1 0
github.com/quay/quay-operator/controllers/quay/quayregistry_controller.go:640.16,642.3 1 0
github.com/quay/quay-operator/controllers/quay/quayregistry_controller.go:649.72,651.3 1 0
github.com/quay/quay-operator/controllers/quay/quayregistry_controller.go:653.106,656.38 3 0
github.com/quay/quay-operator/controllers/quay/quayregistry_controller.go:659.3,665.13 6 0
github.com/quay/quay-operator/controllers/quay/quayregistry_controller.go:656.38,658.4 1 0
github.com/quay/quay-operator/controllers/quay/quayregistry_controller.go:671.108,677.110 3 0
github.com/quay/quay-operator/controllers/quay/quayregistry_controller.go:681.2,681.12 1 0
github.com/quay/quay-operator/controllers/quay/quayregistry_controller.go:677.110,679.3 1 0
github.com/quay/quay-operator/controllers/quay/quayregistry_controller.go:684.97,686.28 1 0
github.com/quay/quay-operator/controllers/quay/quayregistry_controller.go:698.2,698.28 1 0
github.com/quay/quay-operator/controllers/quay/quayregistry_controller.go:708.2,708.12 1 0
github.com/quay/quay-operator/controllers/quay/quayregistry_controller.go:686.28,688.3 1 0
github.com/quay/quay-operator/controllers/quay/quayregistry_controller.go:688.8,691.61 2 0
github.com/quay/quay-operator/controllers/quay/quayregistry_controller.go:694.3,694.57 1 0
github.com/quay/quay-operator/controllers/quay/quayregistry_controller.go:691.61,693.4 1 0
github.com/quay/quay-operator/controllers/quay/quayregistry_controller.go:698.28,700.3 1 0
github.com/quay/quay-operator/controllers/quay/quayregistry_controller.go:700.8,702.62 2 0
github.com/quay/quay-operator/controllers/quay/quayregistry_controller.go:705.3,705.59 1 0
github.com/quay/quay-operator/controllers/quay/quayregistry_controller.go:702.62,704.4 1 0
