mode: set
github.com/quay/quay-operator/apis/quay/v1/quayregistry_types.go:139.83,140.31 1 0
github.com/quay/quay-operator/apis/quay/v1/quayregistry_types.go:146.2,146.12 1 0
github.com/quay/quay-operator/apis/quay/v1/quayregistry_types.go:140.31,141.30 1 0
github.com/quay/quay-operator/apis/quay/v1/quayregistry_types.go:141.30,143.4 1 0
github.com/quay/quay-operator/apis/quay/v1/quayregistry_types.go:151.77,152.21 1 0
github.com/quay/quay-operator/apis/quay/v1/quayregistry_types.go:156.2,156.45 1 0
github.com/quay/quay-operator/apis/quay/v1/quayregistry_types.go:163.2,163.39 1 0
github.com/quay/quay-operator/apis/quay/v1/quayregistry_types.go:152.21,154.3 1 0
github.com/quay/quay-operator/apis/quay/v1/quayregistry_types.go:156.45,157.50 1 0
github.com/quay/quay-operator/apis/quay/v1/quayregistry_types.go:157.50,160.4 2 0
github.com/quay/quay-operator/apis/quay/v1/quayregistry_types.go:167.87,168.23 1 0
github.com/quay/quay-operator/apis/quay/v1/quayregistry_types.go:172.2,173.47 2 0
github.com/quay/quay-operator/apis/quay/v1/quayregistry_types.go:179.2,179.17 1 0
github.com/quay/quay-operator/apis/quay/v1/quayregistry_types.go:168.23,170.3 1 0
github.com/quay/quay-operator/apis/quay/v1/quayregistry_types.go:173.47,174.46 1 0
github.com/quay/quay-operator/apis/quay/v1/quayregistry_types.go:174.46,176.4 1 0
github.com/quay/quay-operator/apis/quay/v1/quayregistry_types.go:203.59,205.2 1 0
github.com/quay/quay-operator/apis/quay/v1/quayregistry_types.go:208.74,209.51 1 1
github.com/quay/quay-operator/apis/quay/v1/quayregistry_types.go:213.2,213.40 1 1
github.com/quay/quay-operator/apis/quay/v1/quayregistry_types.go:225.2,225.13 1 1
github.com/quay/quay-operator/apis/quay/v1/quayregistry_types.go:209.51,211.3 1 1
github.com/quay/quay-operator/apis/quay/v1/quayregistry_types.go:213.40,215.42 2 1
github.com/quay/quay-operator/apis/quay/v1/quayregistry_types.go:221.3,221.13 1 1
github.com/quay/quay-operator/apis/quay/v1/quayregistry_types.go:215.42,216.66 1 1
github.com/quay/quay-operator/apis/quay/v1/quayregistry_types.go:216.66,218.10 2 1
github.com/quay/quay-operator/apis/quay/v1/quayregistry_types.go:221.13,223.4 1 1
github.com/quay/quay-operator/apis/quay/v1/quayregistry_types.go:229.74,230.31 1 1
github.com/quay/quay-operator/apis/quay/v1/quayregistry_types.go:235.2,235.14 1 1
github.com/quay/quay-operator/apis/quay/v1/quayregistry_types.go:230.31,231.21 1 1
github.com/quay/quay-operator/apis/quay/v1/quayregistry_types.go:231.21,233.4 1 1
github.com/quay/quay-operator/apis/quay/v1/quayregistry_types.go:239.54,240.39 1 0
github.com/quay/quay-operator/apis/quay/v1/quayregistry_types.go:245.2,245.14 1 0
github.com/quay/quay-operator/apis/quay/v1/quayregistry_types.go:240.39,241.21 1 0
github.com/quay/quay-operator/apis/quay/v1/quayregistry_types.go:241.21,243.4 1 0
github.com/quay/quay-operator/apis/quay/v1/quayregistry_types.go:250.111,252.40 2 1
github.com/quay/quay-operator/apis/quay/v1/quayregistry_types.go:256.2,256.92 1 1
github.com/quay/quay-operator/apis/quay/v1/quayregistry_types.go:260.2,260.107 1 1
github.com/quay/quay-operator/apis/quay/v1/quayregistry_types.go:264.2,264.101 1 1
github.com/quay/quay-operator/apis/quay/v1/quayregistry_types.go:268.2,268.42 1 1
github.com/quay/quay-operator/apis/quay/v1/quayregistry_types.go:292.2,292.25 1 1
github.com/quay/quay-operator/apis/quay/v1/quayregistry_types.go:252.40,254.3 1 1
github.com/quay/quay-operator/apis/quay/v1/quayregistry_types.go:256.92,258.3 1 0
github.com/quay/quay-operator/apis/quay/v1/quayregistry_types.go:260.107,262.3 1 1
github.com/quay/quay-operator/apis/quay/v1/quayregistry_types.go:264.101,266.3 1 0
github.com/quay/quay-operator/apis/quay/v1/quayregistry_types.go:268.42,270.57 2 1
github.com/quay/quay-operator/apis/quay/v1/quayregistry_types.go:277.3,277.13 1 1
github.com/quay/quay-operator/apis/quay/v1/quayregistry_types.go:270.57,271.42 1 1
github.com/quay/quay-operator/apis/quay/v1/quayregistry_types.go:271.42,273.10 2 1
github.com/quay/quay-operator/apis/quay/v1/quayregistry_types.go:277.13,278.58 1 1
github.com/quay/quay-operator/apis/quay/v1/quayregistry_types.go:281.4,281.73 1 1
github.com/quay/quay-operator/apis/quay/v1/quayregistry_types.go:284.4,284.67 1 1
github.com/quay/quay-operator/apis/quay/v1/quayregistry_types.go:288.4,288.112 1 1
github.com/quay/quay-operator/apis/quay/v1/quayregistry_types.go:278.58,279.13 1 1
github.com/quay/quay-operator/apis/quay/v1/quayregistry_types.go:281.73,282.13 1 0
github.com/quay/quay-operator/apis/quay/v1/quayregistry_types.go:284.67,285.13 1 0
github.com/quay/quay-operator/apis/quay/v1/quayregistry_types.go:296.140,299.19 2 1
github.com/quay/quay-operator/apis/quay/v1/quayregistry_types.go:303.2,303.57 1 1
github.com/quay/quay-operator/apis/quay/v1/quayregistry_types.go:313.2,313.89 1 1
github.com/quay/quay-operator/apis/quay/v1/quayregistry_types.go:299.19,301.3 1 1
github.com/quay/quay-operator/apis/quay/v1/quayregistry_types.go:303.57,305.3 1 1
github.com/quay/quay-operator/apis/quay/v1/quayregistry_types.go:305.8,305.31 1 1
github.com/quay/quay-operator/apis/quay/v1/quayregistry_types.go:305.31,310.3 1 1
github.com/quay/quay-operator/apis/quay/v1/quayregistry_types.go:317.113,320.24 2 0
github.com/quay/quay-operator/apis/quay/v1/quayregistry_types.go:328.2,328.97 1 0
github.com/quay/quay-operator/apis/quay/v1/quayregistry_types.go:320.24,325.3 1 0
github.com/quay/quay-operator/apis/quay/v1/quayregistry_types.go:332.89,334.16 2 0
github.com/quay/quay-operator/apis/quay/v1/quayregistry_types.go:338.2,339.59 2 0
github.com/quay/quay-operator/apis/quay/v1/quayregistry_types.go:348.2,348.18 1 0
github.com/quay/quay-operator/apis/quay/v1/quayregistry_types.go:357.2,357.17 1 0
github.com/quay/quay-operator/apis/quay/v1/quayregistry_types.go:334.16,336.3 1 0
github.com/quay/quay-operator/apis/quay/v1/quayregistry_types.go:339.59,343.29 1 0
github.com/quay/quay-operator/apis/quay/v1/quayregistry_types.go:343.29,345.4 1 0
github.com/quay/quay-operator/apis/quay/v1/quayregistry_types.go:348.18,355.3 1 0
github.com/quay/quay-operator/apis/quay/v1/quayregistry_types.go:361.89,365.16 3 0
github.com/quay/quay-operator/apis/quay/v1/quayregistry_types.go:369.2,369.59 1 0
github.com/quay/quay-operator/apis/quay/v1/quayregistry_types.go:374.2,376.17 2 0
github.com/quay/quay-operator/apis/quay/v1/quayregistry_types.go:365.16,367.3 1 0
github.com/quay/quay-operator/apis/quay/v1/quayregistry_types.go:369.59,370.38 1 0
github.com/quay/quay-operator/apis/quay/v1/quayregistry_types.go:370.38,372.4 1 0
github.com/quay/quay-operator/apis/quay/v1/quayregistry_types.go:382.58,384.2 1 0
github.com/quay/quay-operator/apis/quay/v1/quayregistry_types.go:386.77,388.2 1 0
github.com/quay/quay-operator/apis/quay/v1/quayregistry_types.go:390.13,392.2 1 1
github.com/quay/quay-operator/apis/quay/v1/zz_generated.deepcopy.go:28.51,30.2 1 0
github.com/quay/quay-operator/apis/quay/v1/zz_generated.deepcopy.go:33.44,34.15 1 0
github.com/quay/quay-operator/apis/quay/v1/zz_generated.deepcopy.go:37.2,39.12 3 0
github.com/quay/quay-operator/apis/quay/v1/zz_generated.deepcopy.go:34.15,36.3 1 0
github.com/quay/quay-operator/apis/quay/v1/zz_generated.deepcopy.go:43.51,47.2 3 0
github.com/quay/quay-operator/apis/quay/v1/zz_generated.deepcopy.go:50.44,51.15 1 0
github.com/quay/quay-operator/apis/quay/v1/zz_generated.deepcopy.go:54.2,56.12 3 0
github.com/quay/quay-operator/apis/quay/v1/zz_generated.deepcopy.go:51.15,53.3 1 0
github.com/quay/quay-operator/apis/quay/v1/zz_generated.deepcopy.go:60.57,66.2 5 1
github.com/quay/quay-operator/apis/quay/v1/zz_generated.deepcopy.go:69.50,70.15 1 1
github.com/quay/quay-operator/apis/quay/v1/zz_generated.deepcopy.go:73.2,75.12 3 1
github.com/quay/quay-operator/apis/quay/v1/zz_generated.deepcopy.go:70.15,72.3 1 0
github.com/quay/quay-operator/apis/quay/v1/zz_generated.deepcopy.go:79.57,80.34 1 0
github.com/quay/quay-operator/apis/quay/v1/zz_generated.deepcopy.go:83.2,83.12 1 0
github.com/quay/quay-operator/apis/quay/v1/zz_generated.deepcopy.go:80.34,82.3 1 0
github.com/quay/quay-operator/apis/quay/v1/zz_generated.deepcopy.go:87.65,91.21 4 0
github.com/quay/quay-operator/apis/quay/v1/zz_generated.deepcopy.go:91.21,94.22 3 0
github.com/quay/quay-operator/apis/quay/v1/zz_generated.deepcopy.go:94.22,96.4 1 0
github.com/quay/quay-operator/apis/quay/v1/zz_generated.deepcopy.go:101.58,102.15 1 0
github.com/quay/quay-operator/apis/quay/v1/zz_generated.deepcopy.go:105.2,107.12 3 0
github.com/quay/quay-operator/apis/quay/v1/zz_generated.deepcopy.go:102.15,104.3 1 0
github.com/quay/quay-operator/apis/quay/v1/zz_generated.deepcopy.go:111.61,112.34 1 0
github.com/quay/quay-operator/apis/quay/v1/zz_generated.deepcopy.go:115.2,115.12 1 0
github.com/quay/quay-operator/apis/quay/v1/zz_generated.deepcopy.go:112.34,114.3 1 0
github.com/quay/quay-operator/apis/quay/v1/zz_generated.deepcopy.go:119.65,121.26 2 1
github.com/quay/quay-operator/apis/quay/v1/zz_generated.deepcopy.go:121.26,125.3 3 1
github.com/quay/quay-operator/apis/quay/v1/zz_generated.deepcopy.go:129.58,130.15 1 0
github.com/quay/quay-operator/apis/quay/v1/zz_generated.deepcopy.go:133.2,135.12 3 0
github.com/quay/quay-operator/apis/quay/v1/zz_generated.deepcopy.go:130.15,132.3 1 0
github.com/quay/quay-operator/apis/quay/v1/zz_generated.deepcopy.go:139.69,141.26 2 1
github.com/quay/quay-operator/apis/quay/v1/zz_generated.deepcopy.go:141.26,144.22 3 0
github.com/quay/quay-operator/apis/quay/v1/zz_generated.deepcopy.go:144.22,146.4 1 0
github.com/quay/quay-operator/apis/quay/v1/zz_generated.deepcopy.go:151.62,152.15 1 0
github.com/quay/quay-operator/apis/quay/v1/zz_generated.deepcopy.go:155.2,157.12 3 0
github.com/quay/quay-operator/apis/quay/v1/zz_generated.deepcopy.go:152.15,154.3 1 0
github.com/quay/quay-operator/controllers/redhatcop/quayecosystem_controller.go:72.105,78.78 4 0
github.com/quay/quay-operator/controllers/redhatcop/quayecosystem_controller.go:84.2,87.92 3 0
github.com/quay/quay-operator/controllers/redhatcop/quayecosystem_controller.go:104.2,123.158 3 0
github.com/quay/quay-operator/controllers/redhatcop/quayecosystem_controller.go:135.2,136.86 2 0
github.com/quay/quay-operator/controllers/redhatcop/quayecosystem_controller.go:148.2,148.43 1 0
github.com/quay/quay-operator/controllers/redhatcop/quayecosystem_controller.go:170.2,170.38 1 0
github.com/quay/quay-operator/controllers/redhatcop/quayecosystem_controller.go:532.2,532.44 1 0
github.com/quay/quay-operator/controllers/redhatcop/quayecosystem_controller.go:551.2,551.35 1 0
github.com/quay/quay-operator/controllers/redhatcop/quayecosystem_controller.go:568.2,568.36 1 0
github.com/quay/quay-operator/controllers/redhatcop/quayecosystem_controller.go:583.2,583.35 1 0
github.com/quay/quay-operator/controllers/redhatcop/quayecosystem_controller.go:600.2,612.16 4 0
github.com/quay/quay-operator/controllers/redhatcop/quayecosystem_controller.go:624.2,627.66 3 0
github.com/quay/quay-operator/controllers/redhatcop/quayecosystem_controller.go:631.2,637.59 4 0
github.com/quay/quay-operator/controllers/redhatcop/quayecosystem_controller.go:649.2,652.84 2 0
github.com/quay/quay-operator/controllers/redhatcop/quayecosystem_controller.go:658.2,662.67 4 0
github.com/quay/quay-operator/controllers/redhatcop/quayecosystem_controller.go:674.2,674.27 1 0
github.com/quay/quay-operator/controllers/redhatcop/quayecosystem_controller.go:78.78,82.3 2 0
github.com/quay/quay-operator/controllers/redhatcop/quayecosystem_controller.go:87.92,91.3 2 0
github.com/quay/quay-operator/controllers/redhatcop/quayecosystem_controller.go:91.8,91.116 1 0
github.com/quay/quay-operator/controllers/redhatcop/quayecosystem_controller.go:91.116,97.77 4 0
github.com/quay/quay-operator/controllers/redhatcop/quayecosystem_controller.go:101.3,101.28 1 0
github.com/quay/quay-operator/controllers/redhatcop/quayecosystem_controller.go:97.77,99.4 1 0
github.com/quay/quay-operator/controllers/redhatcop/quayecosystem_controller.go:123.158,133.3 3 0
github.com/quay/quay-operator/controllers/redhatcop/quayecosystem_controller.go:136.86,146.3 3 0
github.com/quay/quay-operator/controllers/redhatcop/quayecosystem_controller.go:148.43,157.3 3 0
github.com/quay/quay-operator/controllers/redhatcop/quayecosystem_controller.go:157.8,168.3 4 0
github.com/quay/quay-operator/controllers/redhatcop/quayecosystem_controller.go:170.38,174.34 3 0
github.com/quay/quay-operator/controllers/redhatcop/quayecosystem_controller.go:178.3,181.168 3 0
github.com/quay/quay-operator/controllers/redhatcop/quayecosystem_controller.go:194.3,205.82 2 0
github.com/quay/quay-operator/controllers/redhatcop/quayecosystem_controller.go:210.3,212.67 2 0
github.com/quay/quay-operator/controllers/redhatcop/quayecosystem_controller.go:224.3,241.20 5 0
github.com/quay/quay-operator/controllers/redhatcop/quayecosystem_controller.go:245.3,398.71 3 0
github.com/quay/quay-operator/controllers/redhatcop/quayecosystem_controller.go:423.3,423.60 1 0
github.com/quay/quay-operator/controllers/redhatcop/quayecosystem_controller.go:437.3,440.67 3 0
github.com/quay/quay-operator/controllers/redhatcop/quayecosystem_controller.go:452.3,454.68 2 0
github.com/quay/quay-operator/controllers/redhatcop/quayecosystem_controller.go:496.3,496.17 1 0
github.com/quay/quay-operator/controllers/redhatcop/quayecosystem_controller.go:508.3,508.67 1 0
github.com/quay/quay-operator/controllers/redhatcop/quayecosystem_controller.go:520.3,520.67 1 0
github.com/quay/quay-operator/controllers/redhatcop/quayecosystem_controller.go:174.34,176.4 1 0
github.com/quay/quay-operator/controllers/redhatcop/quayecosystem_controller.go:181.168,191.4 3 0
github.com/quay/quay-operator/controllers/redhatcop/quayecosystem_controller.go:205.82,206.50 1 0
github.com/quay/quay-operator/controllers/redhatcop/quayecosystem_controller.go:206.50,208.5 1 0
github.com/quay/quay-operator/controllers/redhatcop/quayecosystem_controller.go:212.67,222.4 3 0
github.com/quay/quay-operator/controllers/redhatcop/quayecosystem_controller.go:241.20,243.4 1 0
github.com/quay/quay-operator/controllers/redhatcop/quayecosystem_controller.go:398.71,401.197 2 0
github.com/quay/quay-operator/controllers/redhatcop/quayecosystem_controller.go:410.4,410.20 1 0
github.com/quay/quay-operator/controllers/redhatcop/quayecosystem_controller.go:401.197,408.5 4 0
github.com/quay/quay-operator/controllers/redhatcop/quayecosystem_controller.go:411.18,421.4 3 0
github.com/quay/quay-operator/controllers/redhatcop/quayecosystem_controller.go:423.60,435.4 4 0
github.com/quay/quay-operator/controllers/redhatcop/quayecosystem_controller.go:440.67,450.4 3 0
github.com/quay/quay-operator/controllers/redhatcop/quayecosystem_controller.go:454.68,457.171 2 0
github.com/quay/quay-operator/controllers/redhatcop/quayecosystem_controller.go:463.4,463.52 1 0
github.com/quay/quay-operator/controllers/redhatcop/quayecosystem_controller.go:467.4,471.19 2 0
github.com/quay/quay-operator/controllers/redhatcop/quayecosystem_controller.go:477.4,477.53 1 0
github.com/quay/quay-operator/controllers/redhatcop/quayecosystem_controller.go:493.4,493.20 1 0
github.com/quay/quay-operator/controllers/redhatcop/quayecosystem_controller.go:457.171,461.5 2 0
github.com/quay/quay-operator/controllers/redhatcop/quayecosystem_controller.go:463.52,465.5 1 0
github.com/quay/quay-operator/controllers/redhatcop/quayecosystem_controller.go:471.19,475.5 2 0
github.com/quay/quay-operator/controllers/redhatcop/quayecosystem_controller.go:477.53,478.115 1 0
github.com/quay/quay-operator/controllers/redhatcop/quayecosystem_controller.go:484.5,484.75 1 0
github.com/quay/quay-operator/controllers/redhatcop/quayecosystem_controller.go:478.115,482.6 2 0
github.com/quay/quay-operator/controllers/redhatcop/quayecosystem_controller.go:484.75,485.32 1 0
github.com/quay/quay-operator/controllers/redhatcop/quayecosystem_controller.go:485.32,489.7 2 0
github.com/quay/quay-operator/controllers/redhatcop/quayecosystem_controller.go:496.17,506.4 3 0
github.com/quay/quay-operator/controllers/redhatcop/quayecosystem_controller.go:508.67,518.4 3 0
github.com/quay/quay-operator/controllers/redhatcop/quayecosystem_controller.go:520.67,522.4 1 0
github.com/quay/quay-operator/controllers/redhatcop/quayecosystem_controller.go:523.8,530.3 2 0
github.com/quay/quay-operator/controllers/redhatcop/quayecosystem_controller.go:532.44,535.75 2 0
github.com/quay/quay-operator/controllers/redhatcop/quayecosystem_controller.go:541.3,541.113 1 0
github.com/quay/quay-operator/controllers/redhatcop/quayecosystem_controller.go:535.75,536.34 1 0
github.com/quay/quay-operator/controllers/redhatcop/quayecosystem_controller.go:536.34,538.5 1 0
github.com/quay/quay-operator/controllers/redhatcop/quayecosystem_controller.go:542.8,549.3 2 0
github.com/quay/quay-operator/controllers/redhatcop/quayecosystem_controller.go:551.35,554.61 2 0
github.com/quay/quay-operator/controllers/redhatcop/quayecosystem_controller.go:558.3,558.50 1 0
github.com/quay/quay-operator/controllers/redhatcop/quayecosystem_controller.go:554.61,556.4 1 0
github.com/quay/quay-operator/controllers/redhatcop/quayecosystem_controller.go:559.8,566.3 2 0
github.com/quay/quay-operator/controllers/redhatcop/quayecosystem_controller.go:568.36,571.71 2 0
github.com/quay/quay-operator/controllers/redhatcop/quayecosystem_controller.go:571.71,573.4 1 0
github.com/quay/quay-operator/controllers/redhatcop/quayecosystem_controller.go:574.8,581.3 2 0
github.com/quay/quay-operator/controllers/redhatcop/quayecosystem_controller.go:583.35,586.81 2 0
github.com/quay/quay-operator/controllers/redhatcop/quayecosystem_controller.go:590.3,590.61 1 0
github.com/quay/quay-operator/controllers/redhatcop/quayecosystem_controller.go:586.81,588.4 1 0
github.com/quay/quay-operator/controllers/redhatcop/quayecosystem_controller.go:591.8,598.3 2 0
github.com/quay/quay-operator/controllers/redhatcop/quayecosystem_controller.go:612.16,622.3 3 0
github.com/quay/quay-operator/controllers/redhatcop/quayecosystem_controller.go:627.66,629.3 1 0
github.com/quay/quay-operator/controllers/redhatcop/quayecosystem_controller.go:637.59,647.3 3 0
github.com/quay/quay-operator/controllers/redhatcop/quayecosystem_controller.go:652.84,656.3 2 0
github.com/quay/quay-operator/controllers/redhatcop/quayecosystem_controller.go:662.67,672.3 3 0
github.com/quay/quay-operator/controllers/redhatcop/quayecosystem_controller.go:677.203,690.84 4 0
github.com/quay/quay-operator/controllers/redhatcop/quayecosystem_controller.go:694.2,694.25 1 0
github.com/quay/quay-operator/controllers/redhatcop/quayecosystem_controller.go:690.84,692.3 1 0
github.com/quay/quay-operator/controllers/redhatcop/quayecosystem_controller.go:698.193,702.2 2 0
github.com/quay/quay-operator/controllers/redhatcop/quayecosystem_controller.go:704.56,706.2 1 0
github.com/quay/quay-operator/controllers/redhatcop/quayecosystem_controller.go:708.62,713.2 1 0
github.com/quay/quay-operator/controllers/redhatcop/quayecosystem_controller.go:715.53,717.2 1 0
github.com/quay/quay-operator/controllers/redhatcop/quayecosystem_controller.go:719.61,722.42 1 0
github.com/quay/quay-operator/controllers/redhatcop/quayecosystem_controller.go:726.2,726.55 1 0
github.com/quay/quay-operator/controllers/redhatcop/quayecosystem_controller.go:732.2,732.13 1 0
github.com/quay/quay-operator/controllers/redhatcop/quayecosystem_controller.go:722.42,724.3 1 0
github.com/quay/quay-operator/controllers/redhatcop/quayecosystem_controller.go:726.55,727.27 1 0
github.com/quay/quay-operator/controllers/redhatcop/quayecosystem_controller.go:727.27,729.4 1 0
github.com/quay/quay-operator/controllers/redhatcop/quayecosystem_controller.go:735.54,737.2 1 0
github.com/quay/quay-operator/controllers/redhatcop/quayecosystem_controller.go:739.53,741.2 1 0
github.com/quay/quay-operator/controllers/redhatcop/quayecosystem_controller.go:743.66,745.76 1 0
github.com/quay/quay-operator/controllers/redhatcop/quayecosystem_controller.go:749.2,749.15 1 0
github.com/quay/quay-operator/controllers/redhatcop/quayecosystem_controller.go:745.76,747.3 1 0
github.com/quay/quay-operator/controllers/redhatcop/quayecosystem_controller.go:752.59,754.2 1 0
github.com/quay/quay-operator/controllers/redhatcop/quayecosystem_controller.go:756.76,760.2 1 0
github.com/quay/quay-operator/controllers/quay/features.go:41.190,50.76 3 0
github.com/quay/quay-operator/controllers/quay/features.go:54.2,54.39 1 0
github.com/quay/quay-operator/controllers/quay/features.go:62.2,62.23 1 0
github.com/quay/quay-operator/controllers/quay/features.go:50.76,52.3 1 0
github.com/quay/quay-operator/controllers/quay/features.go:54.39,55.47 1 0
github.com/quay/quay-operator/controllers/quay/features.go:55.47,58.9 3 0
github.com/quay/quay-operator/controllers/quay/features.go:65.194,74.16 2 0
github.com/quay/quay-operator/controllers/quay/features.go:78.2,78.104 1 0
github.com/quay/quay-operator/controllers/quay/features.go:132.2,134.23 2 0
github.com/quay/quay-operator/controllers/quay/features.go:74.16,76.3 1 0
github.com/quay/quay-operator/controllers/quay/features.go:78.104,82.86 2 0
github.com/quay/quay-operator/controllers/quay/features.go:98.3,98.17 1 0
github.com/quay/quay-operator/controllers/quay/features.go:104.3,105.60 2 0
github.com/quay/quay-operator/controllers/quay/features.go:109.3,110.17 2 0
github.com/quay/quay-operator/controllers/quay/features.go:114.3,114.38 1 0
github.com/quay/quay-operator/controllers/quay/features.go:123.3,125.74 2 0
github.com/quay/quay-operator/controllers/quay/features.go:129.3,129.24 1 0
github.com/quay/quay-operator/controllers/quay/features.go:82.86,83.164 1 0
github.com/quay/quay-operator/controllers/quay/features.go:87.4,87.58 1 0
github.com/quay/quay-operator/controllers/quay/features.go:94.4,96.21 2 0
github.com/quay/quay-operator/controllers/quay/features.go:83.164,85.5 1 0
github.com/quay/quay-operator/controllers/quay/features.go:87.58,92.5 3 0
github.com/quay/quay-operator/controllers/quay/features.go:98.17,100.4 1 0
github.com/quay/quay-operator/controllers/quay/features.go:105.60,107.4 1 0
github.com/quay/quay-operator/controllers/quay/features.go:110.17,112.4 1 0
github.com/quay/quay-operator/controllers/quay/features.go:114.38,116.4 1 0
github.com/quay/quay-operator/controllers/quay/features.go:116.9,121.4 1 0
github.com/quay/quay-operator/controllers/quay/features.go:125.74,127.4 1 0
github.com/quay/quay-operator/controllers/quay/features.go:137.206,140.81 3 0
github.com/quay/quay-operator/controllers/quay/features.go:189.2,189.23 1 0
github.com/quay/quay-operator/controllers/quay/features.go:140.81,146.48 4 0
github.com/quay/quay-operator/controllers/quay/features.go:181.3,181.13 1 0
github.com/quay/quay-operator/controllers/quay/features.go:146.48,147.70 1 0
github.com/quay/quay-operator/controllers/quay/features.go:147.70,152.94 4 0
github.com/quay/quay-operator/controllers/quay/features.go:158.5,159.94 2 0
github.com/quay/quay-operator/controllers/quay/features.go:165.5,168.88 3 0
github.com/quay/quay-operator/controllers/quay/features.go:173.5,177.40 5 0
github.com/quay/quay-operator/controllers/quay/features.go:152.94,156.6 2 0
github.com/quay/quay-operator/controllers/quay/features.go:159.94,163.6 2 0
github.com/quay/quay-operator/controllers/quay/features.go:168.88,171.6 2 0
github.com/quay/quay-operator/controllers/quay/features.go:181.13,183.4 1 0
github.com/quay/quay-operator/controllers/quay/features.go:185.8,185.23 1 0
github.com/quay/quay-operator/controllers/quay/features.go:185.23,187.3 1 0
github.com/quay/quay-operator/controllers/quay/features.go:193.200,195.59 2 0
github.com/quay/quay-operator/controllers/quay/features.go:199.2,199.65 1 0
github.com/quay/quay-operator/controllers/quay/features.go:203.2,203.23 1 0
github.com/quay/quay-operator/controllers/quay/features.go:195.59,197.3 1 0
github.com/quay/quay-operator/controllers/quay/features.go:199.65,201.3 1 0
github.com/quay/quay-operator/controllers/quay/features.go:209.198,210.31 1 0
github.com/quay/quay-operator/controllers/quay/features.go:217.2,218.78 2 0
github.com/quay/quay-operator/controllers/quay/features.go:222.2,225.78 3 0
github.com/quay/quay-operator/controllers/quay/features.go:229.2,233.101 4 0
github.com/quay/quay-operator/controllers/quay/features.go:238.2,242.23 3 0
github.com/quay/quay-operator/controllers/quay/features.go:210.31,215.3 4 0
github.com/quay/quay-operator/controllers/quay/features.go:218.78,221.3 2 0
github.com/quay/quay-operator/controllers/quay/features.go:225.78,228.3 2 0
github.com/quay/quay-operator/controllers/quay/features.go:233.101,237.3 3 0
github.com/quay/quay-operator/controllers/quay/features.go:245.69,246.27 1 0
github.com/quay/quay-operator/controllers/quay/features.go:256.2,256.11 1 0
github.com/quay/quay-operator/controllers/quay/features.go:246.27,251.112 4 0
github.com/quay/quay-operator/controllers/quay/features.go:251.112,253.4 1 0
github.com/quay/quay-operator/controllers/quay/quayregistry_controller.go:81.104,87.69 4 0
github.com/quay/quay-operator/controllers/quay/quayregistry_controller.go:97.2,101.29 4 0
github.com/quay/quay-operator/controllers/quay/quayregistry_controller.go:117.2,117.165 1 0
github.com/quay/quay-operator/controllers/quay/quayregistry_controller.go:123.2,123.40 1 0
github.com/quay/quay-operator/controllers/quay/quayregistry_controller.go:158.2,159.140 2 0
github.com/quay/quay-operator/controllers/quay/quayregistry_controller.go:165.2,168.16 3 0
github.com/quay/quay-operator/controllers/quay/quayregistry_controller.go:174.2,175.89 2 0
github.com/quay/quay-operator/controllers/quay/quayregistry_controller.go:181.2,182.97 2 0
github.com/quay/quay-operator/controllers/quay/quayregistry_controller.go:191.2,192.16 2 0
github.com/quay/quay-operator/controllers/quay/quayregistry_controller.go:198.2,199.94 2 0
github.com/quay/quay-operator/controllers/quay/quayregistry_controller.go:205.2,206.16 2 0
github.com/quay/quay-operator/controllers/quay/quayregistry_controller.go:212.2,212.76 1 0
github.com/quay/quay-operator/controllers/quay/quayregistry_controller.go:223.2,225.16 3 0
github.com/quay/quay-operator/controllers/quay/quayregistry_controller.go:234.2,236.56 2 0
github.com/quay/quay-operator/controllers/quay/quayregistry_controller.go:268.2,270.16 3 0
github.com/quay/quay-operator/controllers/quay/quayregistry_controller.go:276.2,276.40 1 0
github.com/quay/quay-operator/controllers/quay/quayregistry_controller.go:296.2,296.36 1 0
github.com/quay/quay-operator/controllers/quay/quayregistry_controller.go:304.2,307.182 3 0
github.com/quay/quay-operator/controllers/quay/quayregistry_controller.go:311.2,312.16 2 0
github.com/quay/quay-operator/controllers/quay/quayregistry_controller.go:318.2,318.114 1 0
github.com/quay/quay-operator/controllers/quay/quayregistry_controller.go:324.2,324.64 1 0
github.com/quay/quay-operator/controllers/quay/quayregistry_controller.go:388.2,388.75 1 0
github.com/quay/quay-operator/controllers/quay/quayregistry_controller.go:396.2,396.27 1 0
github.com/quay/quay-operator/controllers/quay/quayregistry_controller.go:87.69,88.29 1 0
github.com/quay/quay-operator/controllers/quay/quayregistry_controller.go:94.3,94.51 1 0
github.com/quay/quay-operator/controllers/quay/quayregistry_controller.go:88.29,90.4 1 0
github.com/quay/quay-operator/controllers/quay/quayregistry_controller.go:90.9,92.4 1 0
github.com/quay/quay-operator/controllers/quay/quayregistry_controller.go:101.29,103.75 2 0
github.com/quay/quay-operator/controllers/quay/quayregistry_controller.go:114.3,114.28 1 0
github.com/quay/quay-operator/controllers/quay/quayregistry_controller.go:103.75,104.59 1 0
github.com/quay/quay-operator/controllers/quay/quayregistry_controller.go:108.4,110.18 3 0
github.com/quay/quay-operator/controllers/quay/quayregistry_controller.go:104.59,106.5 1 0
github.com/quay/quay-operator/controllers/quay/quayregistry_controller.go:110.18,112.5 1 0
github.com/quay/quay-operator/controllers/quay/quayregistry_controller.go:117.165,121.3 2 0
github.com/quay/quay-operator/controllers/quay/quayregistry_controller.go:123.40,135.17 3 0
github.com/quay/quay-operator/controllers/quay/quayregistry_controller.go:141.3,141.64 1 0
github.com/quay/quay-operator/controllers/quay/quayregistry_controller.go:147.3,149.59 3 0
github.com/quay/quay-operator/controllers/quay/quayregistry_controller.go:154.3,155.28 2 0
github.com/quay/quay-operator/controllers/quay/quayregistry_controller.go:135.17,139.4 2 0
github.com/quay/quay-operator/controllers/quay/quayregistry_controller.go:141.64,145.4 2 0
github.com/quay/quay-operator/controllers/quay/quayregistry_controller.go:149.59,152.4 2 0
github.com/quay/quay-operator/controllers/quay/quayregistry_controller.go:159.140,163.3 2 0
github.com/quay/quay-operator/controllers/quay/quayregistry_controller.go:168.16,172.3 2 0
github.com/quay/quay-operator/controllers/quay/quayregistry_controller.go:175.89,179.3 2 0
github.com/quay/quay-operator/controllers/quay/quayregistry_controller.go:182.97,184.172 2 0
github.com/quay/quay-operator/controllers/quay/quayregistry_controller.go:188.3,188.65 1 0
github.com/quay/quay-operator/controllers/quay/quayregistry_controller.go:184.172,186.4 1 0
github.com/quay/quay-operator/controllers/quay/quayregistry_controller.go:192.16,196.3 2 0
github.com/quay/quay-operator/controllers/quay/quayregistry_controller.go:199.94,203.3 2 0
github.com/quay/quay-operator/controllers/quay/quayregistry_controller.go:206.16,210.3 2 0
github.com/quay/quay-operator/controllers/quay/quayregistry_controller.go:212.76,214.58 2 0
github.com/quay/quay-operator/controllers/quay/quayregistry_controller.go:220.3,220.28 1 0
github.com/quay/quay-operator/controllers/quay/quayregistry_controller.go:214.58,218.4 2 0
github.com/quay/quay-operator/controllers/quay/quayregistry_controller.go:225.16,227.17 2 0
github.com/quay/quay-operator/controllers/quay/quayregistry_controller.go:227.17,231.4 2 0
github.com/quay/quay-operator/controllers/quay/quayregistry_controller.go:236.56,238.17 2 0
github.com/quay/quay-operator/controllers/quay/quayregistry_controller.go:247.3,247.36 1 0
github.com/quay/quay-operator/controllers/quay/quayregistry_controller.go:238.17,240.18 2 0
github.com/quay/quay-operator/controllers/quay/quayregistry_controller.go:240.18,244.5 2 0
github.com/quay/quay-operator/controllers/quay/quayregistry_controller.go:247.36,251.18 3 0
github.com/quay/quay-operator/controllers/quay/quayregistry_controller.go:251.18,255.5 2 0
github.com/quay/quay-operator/controllers/quay/quayregistry_controller.go:256.9,256.85 1 0
github.com/quay/quay-operator/controllers/quay/quayregistry_controller.go:256.85,260.18 3 0
github.com/quay/quay-operator/controllers/quay/quayregistry_controller.go:260.18,264.5 2 0
github.com/quay/quay-operator/controllers/quay/quayregistry_controller.go:270.16,274.3 2 0
github.com/quay/quay-operator/controllers/quay/quayregistry_controller.go:276.40,280.64 1 0
github.com/quay/quay-operator/controllers/quay/quayregistry_controller.go:289.3,289.64 1 0
github.com/quay/quay-operator/controllers/quay/quayregistry_controller.go:280.64,283.113 2 0
github.com/quay/quay-operator/controllers/quay/quayregistry_controller.go:283.113,286.5 2 0
github.com/quay/quay-operator/controllers/quay/quayregistry_controller.go:289.64,293.4 2 0
github.com/quay/quay-operator/controllers/quay/quayregistry_controller.go:296.36,298.17 2 0
github.com/quay/quay-operator/controllers/quay/quayregistry_controller.go:298.17,301.4 1 0
github.com/quay/quay-operator/controllers/quay/quayregistry_controller.go:307.182,309.3 1 0
github.com/quay/quay-operator/controllers/quay/quayregistry_controller.go:312.16,316.3 2 0
github.com/quay/quay-operator/controllers/quay/quayregistry_controller.go:318.114,322.3 2 0
github.com/quay/quay-operator/controllers/quay/quayregistry_controller.go:324.64,326.17 2 0
github.com/quay/quay-operator/controllers/quay/quayregistry_controller.go:332.3,332.42 1 0
github.com/quay/quay-operator/controllers/quay/quayregistry_controller.go:326.17,330.4 2 0
github.com/quay/quay-operator/controllers/quay/quayregistry_controller.go:332.42,333.82 1 0
github.com/quay/quay-operator/controllers/quay/quayregistry_controller.go:382.4,382.18 1 0
github.com/quay/quay-operator/controllers/quay/quayregistry_controller.go:333.82,338.19 4 0
github.com/quay/quay-operator/controllers/quay/quayregistry_controller.go:344.5,344.40 1 0
github.com/quay/quay-operator/controllers/quay/quayregistry_controller.go:379.5,379.22 1 0
github.com/quay/quay-operator/controllers/quay/quayregistry_controller.go:338.19,342.6 2 0
github.com/quay/quay-operator/controllers/quay/quayregistry_controller.go:344.40,361.70 8 0
github.com/quay/quay-operator/controllers/quay/quayregistry_controller.go:367.6,368.61 2 0
github.com/quay/quay-operator/controllers/quay/quayregistry_controller.go:374.6,376.22 2 0
github.com/quay/quay-operator/controllers/quay/quayregistry_controller.go:361.70,365.7 2 0
github.com/quay/quay-operator/controllers/quay/quayregistry_controller.go:368.61,372.7 2 0
github.com/quay/quay-operator/controllers/quay/quayregistry_controller.go:382.18,384.5 1 0
github.com/quay/quay-operator/controllers/quay/quayregistry_controller.go:388.75,391.17 3 0
github.com/quay/quay-operator/controllers/quay/quayregistry_controller.go:391.17,393.4 1 0
github.com/quay/quay-operator/controllers/quay/quayregistry_controller.go:400.114,408.16 6 0
github.com/quay/quay-operator/controllers/quay/quayregistry_controller.go:412.2,413.16 2 0
github.com/quay/quay-operator/controllers/quay/quayregistry_controller.go:417.2,419.16 3 0
github.com/quay/quay-operator/controllers/quay/quayregistry_controller.go:423.2,424.26 2 0
github.com/quay/quay-operator/controllers/quay/quayregistry_controller.go:408.16,410.3 1 0
github.com/quay/quay-operator/controllers/quay/quayregistry_controller.go:413.16,415.3 1 0
github.com/quay/quay-operator/controllers/quay/quayregistry_controller.go:419.16,421.3 1 0
github.com/quay/quay-operator/controllers/quay/quayregistry_controller.go:428.84,431.2 2 0
github.com/quay/quay-operator/controllers/quay/quayregistry_controller.go:434.53,439.2 2 0
github.com/quay/quay-operator/controllers/quay/quayregistry_controller.go:441.39,445.2 2 0
github.com/quay/quay-operator/controllers/quay/quayregistry_controller.go:447.39,452.2 3 0
github.com/quay/quay-operator/controllers/quay/quayregistry_controller.go:454.123,469.16 7 0
github.com/quay/quay-operator/controllers/quay/quayregistry_controller.go:475.2,475.29 1 0
github.com/quay/quay-operator/controllers/quay/quayregistry_controller.go:484.2,486.42 2 0
github.com/quay/quay-operator/controllers/quay/quayregistry_controller.go:522.2,524.12 2 0
github.com/quay/quay-operator/controllers/quay/quayregistry_controller.go:469.16,472.3 2 0
github.com/quay/quay-operator/controllers/quay/quayregistry_controller.go:475.29,477.17 2 0
github.com/quay/quay-operator/controllers/quay/quayregistry_controller.go:477.17,480.4 2 0
github.com/quay/quay-operator/controllers/quay/quayregistry_controller.go:486.42,490.172 3 0
github.com/quay/quay-operator/controllers/quay/quayregistry_controller.go:496.3,496.84 1 0
github.com/quay/quay-operator/controllers/quay/quayregistry_controller.go:506.3,506.17 1 0
github.com/quay/quay-operator/controllers/quay/quayregistry_controller.go:512.3,512.56 1 0
github.com/quay/quay-operator/controllers/quay/quayregistry_controller.go:490.172,494.4 2 0
github.com/quay/quay-operator/controllers/quay/quayregistry_controller.go:496.84,497.52 1 0
github.com/quay/quay-operator/controllers/quay/quayregistry_controller.go:497.52,499.5 1 0
github.com/quay/quay-operator/controllers/quay/quayregistry_controller.go:499.10,499.42 1 0
github.com/quay/quay-operator/controllers/quay/quayregistry_controller.go:499.42,501.5 1 0
github.com/quay/quay-operator/controllers/quay/quayregistry_controller.go:501.10,503.5 1 0
github.com/quay/quay-operator/controllers/quay/quayregistry_controller.go:506.17,510.4 2 0
github.com/quay/quay-operator/controllers/quay/quayregistry_controller.go:513.8,515.73 2 0
github.com/quay/quay-operator/controllers/quay/quayregistry_controller.go:515.73,519.4 2 0
github.com/quay/quay-operator/controllers/quay/quayregistry_controller.go:527.185,542.31 6 0
github.com/quay/quay-operator/controllers/quay/quayregistry_controller.go:547.2,551.143 3 0
github.com/quay/quay-operator/controllers/quay/quayregistry_controller.go:554.2,556.84 2 0
github.com/quay/quay-operator/controllers/quay/quayregistry_controller.go:560.2,562.25 2 0
github.com/quay/quay-operator/controllers/quay/quayregistry_controller.go:542.31,544.3 1 0
github.com/quay/quay-operator/controllers/quay/quayregistry_controller.go:551.143,553.3 1 0
github.com/quay/quay-operator/controllers/quay/quayregistry_controller.go:556.84,558.3 1 0
github.com/quay/quay-operator/controllers/quay/quayregistry_controller.go:566.183,570.2 2 0
github.com/quay/quay-operator/controllers/quay/quayregistry_controller.go:573.75,575.61 1 0
github.com/quay/quay-operator/controllers/quay/quayregistry_controller.go:581.2,581.66 1 0
github.com/quay/quay-operator/controllers/quay/quayregistry_controller.go:587.2,587.66 1 0
github.com/quay/quay-operator/controllers/quay/quayregistry_controller.go:593.2,597.14 1 0
github.com/quay/quay-operator/controllers/quay/quayregistry_controller.go:575.61,579.3 2 0
github.com/quay/quay-operator/controllers/quay/quayregistry_controller.go:581.66,585.3 2 0
github.com/quay/quay-operator/controllers/quay/quayregistry_controller.go:587.66,591.3 2 0
github.com/quay/quay-operator/controllers/quay/quayregistry_controller.go:600.111,604.16 3 0
github.com/quay/quay-operator/controllers/quay/quayregistry_controller.go:608.2,610.37 3 0
github.com/quay/quay-operator/controllers/quay/quayregistry_controller.go:614.2,614.72 1 0
github.com/quay/quay-operator/controllers/quay/quayregistry_controller.go:624.2,624.12 1 0
github.com/quay/quay-operator/controllers/quay/quayregistry_controller.go:604.16,606.3 1 0
github.com/quay/quay-operator/controllers/quay/quayregistry_controller.go:610.37,612.3 1 0
github.com/quay/quay-operator/controllers/quay/quayregistry_controller.go:614.72,622.3 6 0
github.com/quay/quay-operator/controllers/quay/quayregistry_controller.go:627.107,631.16 3 0
github.com/quay/quay-operator/controllers/quay/quayregistry_controller.go:635.2,640.72 3 0
github.com/quay/quay-operator/controllers/quay/quayregistry_controller.go:644.2,644.106 1 0
github.com/quay/quay-operator/controllers/quay/quayregistry_controller.go:659.2,659.12 1 0
github.com/quay/quay-operator/controllers/quay/quayregistry_controller.go:631.16,633.3 1 0
github.com/quay/quay-operator/controllers/quay/quayregistry_controller.go:640.72,642.3 1 0
github.com/quay/quay-operator/controllers/quay/quayregistry_controller.go:644.106,647.38 3 0
github.com/quay/quay-operator/controllers/quay/quayregistry_controller.go:650.3,656.13 6 0
github.com/quay/quay-operator/controllers/quay/quayregistry_controller.go:647.38,649.4 1 0
github.com/quay/quay-operator/controllers/quay/quayregistry_controller.go:662.108,668.110 3 0
github.com/quay/quay-operator/controllers/quay/quayregistry_controller.go:672.2,672.12 1 0
github.com/quay/quay-operator/controllers/quay/quayregistry_controller.go:668.110,670.3 1 0
github.com/quay/quay-operator/controllers/quay/quayregistry_controller.go:675.97,677.28 1 0
github.com/quay/quay-operator/controllers/quay/quayregistry_controller.go:689.2,689.28 1 0
github.com/quay/quay-operator/controllers/quay/quayregistry_controller.go:699.2,699.12 1 0
github.com/quay/quay-operator/controllers/quay/quayregistry_controller.go:677.28,679.3 1 0
github.com/quay/quay-operator/controllers/quay/quayregistry_controller.go:679.8,682.61 2 0
github.com/quay/quay-operator/controllers/quay/quayregistry_controller.go:685.3,685.57 1 0
github.com/quay/quay-operator/controllers/quay/quayregistry_controller.go:682.61,684.4 1 0
github.com/quay/quay-operator/controllers/quay/quayregistry_controller.go:689.28,691.3 1 0
github.com/quay/quay-operator/controllers/quay/quayregistry_controller.go:691.8,693.62 2 0
github.com/quay/quay-operator/controllers/quay/quayregistry_controller.go:696.3,696.59 1 0
github.com/quay/quay-operator/controllers/quay/quayregistry_controller.go:693.62,695.4 1 0
github.com/quay/quay-operator/pkg/kustomize/kustomize.go:54.64,72.17 5 1
github.com/quay/quay-operator/pkg/kustomize/kustomize.go:81.2,81.22 1 1
github.com/quay/quay-operator/pkg/kustomize/kustomize.go:72.17,73.42 1 1
github.com/quay/quay-operator/pkg/kustomize/kustomize.go:77.3,78.54 2 1
github.com/quay/quay-operator/pkg/kustomize/kustomize.go:73.42,74.71 1 0
github.com/quay/quay-operator/pkg/kustomize/kustomize.go:84.28,89.2 3 1
github.com/quay/quay-operator/pkg/kustomize/kustomize.go:91.22,93.2 1 1
github.com/quay/quay-operator/pkg/kustomize/kustomize.go:95.26,97.2 1 1
github.com/quay/quay-operator/pkg/kustomize/kustomize.go:99.33,101.2 1 0
github.com/quay/quay-operator/pkg/kustomize/kustomize.go:103.39,105.2 1 0
github.com/quay/quay-operator/pkg/kustomize/kustomize.go:107.49,108.137 1 1
github.com/quay/quay-operator/pkg/kustomize/kustomize.go:111.2,111.14 1 1
github.com/quay/quay-operator/pkg/kustomize/kustomize.go:108.137,110.3 1 0
github.com/quay/quay-operator/pkg/kustomize/kustomize.go:114.23,115.16 1 1
github.com/quay/quay-operator/pkg/kustomize/kustomize.go:115.16,116.13 1 0
github.com/quay/quay-operator/pkg/kustomize/kustomize.go:120.39,124.2 2 1
github.com/quay/quay-operator/pkg/kustomize/kustomize.go:126.39,131.2 3 1
github.com/quay/quay-operator/pkg/kustomize/kustomize.go:135.58,136.22 1 1
github.com/quay/quay-operator/pkg/kustomize/kustomize.go:137.74,138.29 1 0
github.com/quay/quay-operator/pkg/kustomize/kustomize.go:139.71,140.26 1 1
github.com/quay/quay-operator/pkg/kustomize/kustomize.go:141.72,142.27 1 1
github.com/quay/quay-operator/pkg/kustomize/kustomize.go:143.74,144.29 1 1
github.com/quay/quay-operator/pkg/kustomize/kustomize.go:145.86,146.41 1 1
github.com/quay/quay-operator/pkg/kustomize/kustomize.go:147.90,148.28 1 1
github.com/quay/quay-operator/pkg/kustomize/kustomize.go:149.110,150.22 1 1
github.com/quay/quay-operator/pkg/kustomize/kustomize.go:151.117,152.29 1 1
github.com/quay/quay-operator/pkg/kustomize/kustomize.go:153.99,154.24 1 0
github.com/quay/quay-operator/pkg/kustomize/kustomize.go:155.114,156.43 1 1
github.com/quay/quay-operator/pkg/kustomize/kustomize.go:157.115,158.48 1 0
github.com/quay/quay-operator/pkg/kustomize/kustomize.go:159.84,160.24 1 1
github.com/quay/quay-operator/pkg/kustomize/kustomize.go:161.111,162.40 1 0
github.com/quay/quay-operator/pkg/kustomize/kustomize.go:163.111,164.40 1 0
github.com/quay/quay-operator/pkg/kustomize/kustomize.go:165.10,166.63 1 0
github.com/quay/quay-operator/pkg/kustomize/kustomize.go:171.127,173.92 2 1
github.com/quay/quay-operator/pkg/kustomize/kustomize.go:191.2,200.46 6 1
github.com/quay/quay-operator/pkg/kustomize/kustomize.go:206.2,212.46 6 1
github.com/quay/quay-operator/pkg/kustomize/kustomize.go:232.2,232.20 1 1
github.com/quay/quay-operator/pkg/kustomize/kustomize.go:173.92,174.17 1 1
github.com/quay/quay-operator/pkg/kustomize/kustomize.go:178.3,178.20 1 1
github.com/quay/quay-operator/pkg/kustomize/kustomize.go:189.3,189.13 1 1
github.com/quay/quay-operator/pkg/kustomize/kustomize.go:174.17,176.4 1 0
github.com/quay/quay-operator/pkg/kustomize/kustomize.go:178.20,180.18 2 1
github.com/quay/quay-operator/pkg/kustomize/kustomize.go:184.4,185.18 2 1
github.com/quay/quay-operator/pkg/kustomize/kustomize.go:180.18,182.5 1 0
github.com/quay/quay-operator/pkg/kustomize/kustomize.go:185.18,187.5 1 0
github.com/quay/quay-operator/pkg/kustomize/kustomize.go:200.46,204.3 3 1
github.com/quay/quay-operator/pkg/kustomize/kustomize.go:212.46,222.17 4 1
github.com/quay/quay-operator/pkg/kustomize/kustomize.go:226.3,229.31 3 1
github.com/quay/quay-operator/pkg/kustomize/kustomize.go:222.17,223.86 1 0
github.com/quay/quay-operator/pkg/kustomize/kustomize.go:236.149,237.17 1 1
github.com/quay/quay-operator/pkg/kustomize/kustomize.go:241.2,242.35 2 1
github.com/quay/quay-operator/pkg/kustomize/kustomize.go:246.2,247.16 2 1
github.com/quay/quay-operator/pkg/kustomize/kustomize.go:251.2,286.49 4 1
github.com/quay/quay-operator/pkg/kustomize/kustomize.go:313.2,314.100 2 1
github.com/quay/quay-operator/pkg/kustomize/kustomize.go:323.2,356.8 1 1
github.com/quay/quay-operator/pkg/kustomize/kustomize.go:237.17,239.3 1 1
github.com/quay/quay-operator/pkg/kustomize/kustomize.go:242.35,244.3 1 1
github.com/quay/quay-operator/pkg/kustomize/kustomize.go:247.16,249.3 1 0
github.com/quay/quay-operator/pkg/kustomize/kustomize.go:286.49,287.24 1 1
github.com/quay/quay-operator/pkg/kustomize/kustomize.go:287.24,292.49 4 1
github.com/quay/quay-operator/pkg/kustomize/kustomize.go:296.4,297.58 2 1
github.com/quay/quay-operator/pkg/kustomize/kustomize.go:301.4,309.6 1 1
github.com/quay/quay-operator/pkg/kustomize/kustomize.go:292.49,293.13 1 1
github.com/quay/quay-operator/pkg/kustomize/kustomize.go:297.58,299.5 1 1
github.com/quay/quay-operator/pkg/kustomize/kustomize.go:314.100,315.24 1 1
github.com/quay/quay-operator/pkg/kustomize/kustomize.go:315.24,317.34 2 1
github.com/quay/quay-operator/pkg/kustomize/kustomize.go:317.34,319.5 1 1
github.com/quay/quay-operator/pkg/kustomize/kustomize.go:360.73,364.91 3 1
github.com/quay/quay-operator/pkg/kustomize/kustomize.go:368.2,368.43 1 1
github.com/quay/quay-operator/pkg/kustomize/kustomize.go:372.2,372.43 1 1
github.com/quay/quay-operator/pkg/kustomize/kustomize.go:386.2,387.16 2 1
github.com/quay/quay-operator/pkg/kustomize/kustomize.go:391.2,393.29 2 1
github.com/quay/quay-operator/pkg/kustomize/kustomize.go:364.91,366.3 1 0
github.com/quay/quay-operator/pkg/kustomize/kustomize.go:368.43,370.3 1 1
github.com/quay/quay-operator/pkg/kustomize/kustomize.go:372.43,373.25 1 1
github.com/quay/quay-operator/pkg/kustomize/kustomize.go:373.25,375.59 2 1
github.com/quay/quay-operator/pkg/kustomize/kustomize.go:379.4,379.50 1 1
github.com/quay/quay-operator/pkg/kustomize/kustomize.go:382.4,382.37 1 1
github.com/quay/quay-operator/pkg/kustomize/kustomize.go:375.59,377.5 1 0
github.com/quay/quay-operator/pkg/kustomize/kustomize.go:379.50,381.5 1 1
github.com/quay/quay-operator/pkg/kustomize/kustomize.go:387.16,389.3 1 0
github.com/quay/quay-operator/pkg/kustomize/kustomize.go:397.150,403.96 3 1
github.com/quay/quay-operator/pkg/kustomize/kustomize.go:409.2,409.33 1 1
github.com/quay/quay-operator/pkg/kustomize/kustomize.go:426.2,426.25 1 1
github.com/quay/quay-operator/pkg/kustomize/kustomize.go:443.2,447.41 4 1
github.com/quay/quay-operator/pkg/kustomize/kustomize.go:452.2,454.49 2 1
github.com/quay/quay-operator/pkg/kustomize/kustomize.go:465.2,467.16 3 1
github.com/quay/quay-operator/pkg/kustomize/kustomize.go:471.2,478.26 6 1
github.com/quay/quay-operator/pkg/kustomize/kustomize.go:485.2,488.41 3 1
github.com/quay/quay-operator/pkg/kustomize/kustomize.go:500.2,500.37 1 1
github.com/quay/quay-operator/pkg/kustomize/kustomize.go:505.2,505.23 1 1
github.com/quay/quay-operator/pkg/kustomize/kustomize.go:403.96,405.3 1 0
github.com/quay/quay-operator/pkg/kustomize/kustomize.go:409.33,410.67 1 1
github.com/quay/quay-operator/pkg/kustomize/kustomize.go:410.67,414.4 2 1
github.com/quay/quay-operator/pkg/kustomize/kustomize.go:414.9,418.18 3 1
github.com/quay/quay-operator/pkg/kustomize/kustomize.go:422.4,422.45 1 1
github.com/quay/quay-operator/pkg/kustomize/kustomize.go:418.18,420.5 1 0
github.com/quay/quay-operator/pkg/kustomize/kustomize.go:426.25,427.58 1 1
github.com/quay/quay-operator/pkg/kustomize/kustomize.go:427.58,431.4 2 0
github.com/quay/quay-operator/pkg/kustomize/kustomize.go:431.9,435.18 3 1
github.com/quay/quay-operator/pkg/kustomize/kustomize.go:439.4,439.29 1 1
github.com/quay/quay-operator/pkg/kustomize/kustomize.go:435.18,437.5 1 0
github.com/quay/quay-operator/pkg/kustomize/kustomize.go:447.41,448.44 1 1
github.com/quay/quay-operator/pkg/kustomize/kustomize.go:448.44,450.4 1 1
github.com/quay/quay-operator/pkg/kustomize/kustomize.go:454.49,455.24 1 1
github.com/quay/quay-operator/pkg/kustomize/kustomize.go:455.24,457.18 2 1
github.com/quay/quay-operator/pkg/kustomize/kustomize.go:461.4,461.84 1 1
github.com/quay/quay-operator/pkg/kustomize/kustomize.go:457.18,459.5 1 0
github.com/quay/quay-operator/pkg/kustomize/kustomize.go:467.16,469.3 1 0
github.com/quay/quay-operator/pkg/kustomize/kustomize.go:478.26,480.3 1 0
github.com/quay/quay-operator/pkg/kustomize/kustomize.go:480.8,480.64 1 1
github.com/quay/quay-operator/pkg/kustomize/kustomize.go:480.64,482.3 1 0
github.com/quay/quay-operator/pkg/kustomize/kustomize.go:482.8,484.3 1 1
github.com/quay/quay-operator/pkg/kustomize/kustomize.go:488.41,492.69 3 1
github.com/quay/quay-operator/pkg/kustomize/kustomize.go:492.69,497.4 3 1
github.com/quay/quay-operator/pkg/kustomize/kustomize.go:500.37,503.3 2 1
github.com/quay/quay-operator/pkg/kustomize/kustomize.go:508.39,510.74 1 1
github.com/quay/quay-operator/pkg/kustomize/kustomize.go:514.2,515.48 2 1
github.com/quay/quay-operator/pkg/kustomize/kustomize.go:519.2,519.54 1 1
github.com/quay/quay-operator/pkg/kustomize/kustomize.go:510.74,512.3 1 0
github.com/quay/quay-operator/pkg/kustomize/kustomize.go:515.48,517.3 1 0
github.com/quay/quay-operator/pkg/kustomize/secrets.go:41.136,42.19 1 1
github.com/quay/quay-operator/pkg/kustomize/secrets.go:43.25,45.17 2 1
github.com/quay/quay-operator/pkg/kustomize/secrets.go:49.3,50.17 2 1
github.com/quay/quay-operator/pkg/kustomize/secrets.go:53.3,61.25 7 1
github.com/quay/quay-operator/pkg/kustomize/secrets.go:62.25,64.17 2 1
github.com/quay/quay-operator/pkg/kustomize/secrets.go:68.3,77.25 3 1
github.com/quay/quay-operator/pkg/kustomize/secrets.go:78.28,80.17 2 1
github.com/quay/quay-operator/pkg/kustomize/secrets.go:83.3,88.17 6 1
github.com/quay/quay-operator/pkg/kustomize/secrets.go:92.3,94.25 2 1
github.com/quay/quay-operator/pkg/kustomize/secrets.go:95.33,116.25 2 1
github.com/quay/quay-operator/pkg/kustomize/secrets.go:117.25,124.25 2 1
github.com/quay/quay-operator/pkg/kustomize/secrets.go:125.26,132.25 2 1
github.com/quay/quay-operator/pkg/kustomize/secrets.go:133.23,134.18 1 1
github.com/quay/quay-operator/pkg/kustomize/secrets.go:135.30,136.18 1 0
github.com/quay/quay-operator/pkg/kustomize/secrets.go:137.10,138.68 1 0
github.com/quay/quay-operator/pkg/kustomize/secrets.go:45.17,47.4 1 0
github.com/quay/quay-operator/pkg/kustomize/secrets.go:50.17,52.4 1 0
github.com/quay/quay-operator/pkg/kustomize/secrets.go:64.17,66.4 1 0
github.com/quay/quay-operator/pkg/kustomize/secrets.go:80.17,82.4 1 0
github.com/quay/quay-operator/pkg/kustomize/secrets.go:88.17,90.4 1 0
github.com/quay/quay-operator/pkg/kustomize/secrets.go:143.42,158.2 1 1
github.com/quay/quay-operator/pkg/kustomize/secrets.go:162.128,164.16 2 1
github.com/quay/quay-operator/pkg/kustomize/secrets.go:168.2,175.36 3 1
github.com/quay/quay-operator/pkg/kustomize/secrets.go:179.2,179.37 1 1
github.com/quay/quay-operator/pkg/kustomize/secrets.go:183.2,183.29 1 1
github.com/quay/quay-operator/pkg/kustomize/secrets.go:189.2,189.29 1 1
github.com/quay/quay-operator/pkg/kustomize/secrets.go:164.16,166.3 1 0
github.com/quay/quay-operator/pkg/kustomize/secrets.go:175.36,177.3 1 1
github.com/quay/quay-operator/pkg/kustomize/secrets.go:179.37,181.3 1 1
github.com/quay/quay-operator/pkg/kustomize/secrets.go:183.29,184.125 1 1
github.com/quay/quay-operator/pkg/kustomize/secrets.go:184.125,186.4 1 1
github.com/quay/quay-operator/pkg/kustomize/secrets.go:195.103,198.24 2 1
github.com/quay/quay-operator/pkg/kustomize/secrets.go:230.2,230.31 1 1
github.com/quay/quay-operator/pkg/kustomize/secrets.go:236.2,236.19 1 1
github.com/quay/quay-operator/pkg/kustomize/secrets.go:199.25,200.67 1 1
github.com/quay/quay-operator/pkg/kustomize/secrets.go:201.28,202.53 1 1
github.com/quay/quay-operator/pkg/kustomize/secrets.go:203.25,204.47 1 1
github.com/quay/quay-operator/pkg/kustomize/secrets.go:205.33,206.73 1 1
github.com/quay/quay-operator/pkg/kustomize/secrets.go:207.23,209.20 1 1
github.com/quay/quay-operator/pkg/kustomize/secrets.go:210.26,211.57 1 1
github.com/quay/quay-operator/pkg/kustomize/secrets.go:212.25,215.24 2 1
github.com/quay/quay-operator/pkg/kustomize/secrets.go:223.30,224.20 1 0
github.com/quay/quay-operator/pkg/kustomize/secrets.go:225.10,226.48 1 0
github.com/quay/quay-operator/pkg/kustomize/secrets.go:215.24,216.33 1 1
github.com/quay/quay-operator/pkg/kustomize/secrets.go:216.33,218.35 1 1
github.com/quay/quay-operator/pkg/kustomize/secrets.go:218.35,220.6 1 1
github.com/quay/quay-operator/pkg/kustomize/secrets.go:230.31,231.37 1 1
github.com/quay/quay-operator/pkg/kustomize/secrets.go:231.37,233.4 1 1
github.com/quay/quay-operator/pkg/kustomize/secrets.go:239.59,240.19 1 1
github.com/quay/quay-operator/pkg/kustomize/secrets.go:241.25,242.27 1 1
github.com/quay/quay-operator/pkg/kustomize/secrets.go:243.28,244.20 1 1
github.com/quay/quay-operator/pkg/kustomize/secrets.go:245.25,246.17 1 1
github.com/quay/quay-operator/pkg/kustomize/secrets.go:247.33,248.30 1 1
github.com/quay/quay-operator/pkg/kustomize/secrets.go:249.25,250.24 1 1
github.com/quay/quay-operator/pkg/kustomize/secrets.go:251.26,252.22 1 1
github.com/quay/quay-operator/pkg/kustomize/secrets.go:253.23,254.12 1 0
github.com/quay/quay-operator/pkg/kustomize/secrets.go:255.30,256.12 1 0
github.com/quay/quay-operator/pkg/kustomize/secrets.go:257.10,258.43 1 0
github.com/quay/quay-operator/pkg/kustomize/secrets.go:263.139,264.19 1 1
github.com/quay/quay-operator/pkg/kustomize/secrets.go:265.28,267.10 2 1
github.com/quay/quay-operator/pkg/kustomize/secrets.go:271.3,272.63 2 1
github.com/quay/quay-operator/pkg/kustomize/secrets.go:276.3,277.17 2 1
github.com/quay/quay-operator/pkg/kustomize/secrets.go:281.3,285.17 5 1
github.com/quay/quay-operator/pkg/kustomize/secrets.go:289.3,294.9 1 1
github.com/quay/quay-operator/pkg/kustomize/secrets.go:295.25,297.59 2 1
github.com/quay/quay-operator/pkg/kustomize/secrets.go:302.3,302.68 1 1
github.com/quay/quay-operator/pkg/kustomize/secrets.go:309.3,309.25 1 1
github.com/quay/quay-operator/pkg/kustomize/secrets.go:313.3,314.52 2 1
github.com/quay/quay-operator/pkg/kustomize/secrets.go:319.3,319.97 1 1
github.com/quay/quay-operator/pkg/kustomize/secrets.go:320.10,321.18 1 1
github.com/quay/quay-operator/pkg/kustomize/secrets.go:267.10,269.4 1 1
github.com/quay/quay-operator/pkg/kustomize/secrets.go:272.63,274.4 1 0
github.com/quay/quay-operator/pkg/kustomize/secrets.go:277.17,279.4 1 0
github.com/quay/quay-operator/pkg/kustomize/secrets.go:285.17,287.4 1 0
github.com/quay/quay-operator/pkg/kustomize/secrets.go:297.59,300.4 2 0
github.com/quay/quay-operator/pkg/kustomize/secrets.go:302.68,304.117 2 1
github.com/quay/quay-operator/pkg/kustomize/secrets.go:304.117,306.5 1 1
github.com/quay/quay-operator/pkg/kustomize/secrets.go:309.25,311.4 1 1
github.com/quay/quay-operator/pkg/kustomize/secrets.go:314.52,317.4 2 1
github.com/quay/quay-operator/pkg/kustomize/secrets.go:326.86,376.2 11 1
github.com/quay/quay-operator/pkg/kustomize/secrets.go:380.49,383.16 3 1
github.com/quay/quay-operator/pkg/kustomize/secrets.go:386.2,386.15 1 1
github.com/quay/quay-operator/pkg/kustomize/secrets.go:383.16,385.3 1 0
github.com/quay/quay-operator/pkg/kustomize/secrets.go:390.50,393.16 3 1
github.com/quay/quay-operator/pkg/kustomize/secrets.go:396.2,396.26 1 1
github.com/quay/quay-operator/pkg/kustomize/secrets.go:399.2,399.27 1 1
github.com/quay/quay-operator/pkg/kustomize/secrets.go:393.16,395.3 1 0
github.com/quay/quay-operator/pkg/kustomize/secrets.go:396.26,398.3 1 1
